16:44:44.187 [qtp6882443-30] WARN  o.h.e.jdbc.spi.SqlExceptionHelper - SQL Error: 42102, SQLState: 42S02
16:44:44.203 [qtp6882443-30] ERROR o.h.e.jdbc.spi.SqlExceptionHelper - Table "TBL_RECIPE" not found; SQL statement:
select recipe0_.id as id1_0_, recipe0_.create_date as create_d2_0_, recipe0_.last_modify_date as last_mod3_0_, recipe0_.name as name4_0_, recipe0_.user_id as user_id5_0_ from tbl_recipe recipe0_ [42102-173]
16:44:44.625 [qtp6882443-30] ERROR 500.jsp - could not prepare statement; SQL [select recipe0_.id as id1_0_, recipe0_.create_date as create_d2_0_, recipe0_.last_modify_date as last_mod3_0_, recipe0_.name as name4_0_, recipe0_.user_id as user_id5_0_ from tbl_recipe recipe0_]; nested exception is org.hibernate.exception.SQLGrammarException: could not prepare statement
org.springframework.dao.InvalidDataAccessResourceUsageException: could not prepare statement; SQL [select recipe0_.id as id1_0_, recipe0_.create_date as create_d2_0_, recipe0_.last_modify_date as last_mod3_0_, recipe0_.name as name4_0_, recipe0_.user_id as user_id5_0_ from tbl_recipe recipe0_]; nested exception is org.hibernate.exception.SQLGrammarException: could not prepare statement
	at org.springframework.orm.hibernate3.SessionFactoryUtils.convertHibernateAccessException(SessionFactoryUtils.java:635) ~[spring-orm-3.2.4.RELEASE.jar:3.2.4.RELEASE]
	at org.springframework.orm.jpa.vendor.HibernateJpaDialect.translateExceptionIfPossible(HibernateJpaDialect.java:106) ~[spring-orm-3.2.4.RELEASE.jar:3.2.4.RELEASE]
	at org.springframework.orm.jpa.AbstractEntityManagerFactoryBean.translateExceptionIfPossible(AbstractEntityManagerFactoryBean.java:403) ~[spring-orm-3.2.4.RELEASE.jar:3.2.4.RELEASE]
	at org.springframework.dao.support.ChainedPersistenceExceptionTranslator.translateExceptionIfPossible(ChainedPersistenceExceptionTranslator.java:58) ~[spring-tx-3.2.4.RELEASE.jar:3.2.4.RELEASE]
	at org.springframework.dao.support.DataAccessUtils.translateIfNecessary(DataAccessUtils.java:213) ~[spring-tx-3.2.4.RELEASE.jar:3.2.4.RELEASE]
	at org.springframework.dao.support.PersistenceExceptionTranslationInterceptor.invoke(PersistenceExceptionTranslationInterceptor.java:163) ~[spring-tx-3.2.4.RELEASE.jar:3.2.4.RELEASE]
	at org.springframework.aop.framework.ReflectiveMethodInvocation.proceed(ReflectiveMethodInvocation.java:172) ~[spring-aop-3.2.4.RELEASE.jar:3.2.4.RELEASE]
	at org.springframework.data.jpa.repository.support.LockModeRepositoryPostProcessor$LockModePopulatingMethodIntercceptor.invoke(LockModeRepositoryPostProcessor.java:92) ~[spring-data-jpa-1.4.1.RELEASE.jar:na]
	at org.springframework.aop.framework.ReflectiveMethodInvocation.proceed(ReflectiveMethodInvocation.java:172) ~[spring-aop-3.2.4.RELEASE.jar:3.2.4.RELEASE]
	at org.springframework.aop.interceptor.ExposeInvocationInterceptor.invoke(ExposeInvocationInterceptor.java:91) ~[spring-aop-3.2.4.RELEASE.jar:3.2.4.RELEASE]
	at org.springframework.aop.framework.ReflectiveMethodInvocation.proceed(ReflectiveMethodInvocation.java:172) ~[spring-aop-3.2.4.RELEASE.jar:3.2.4.RELEASE]
	at org.springframework.aop.framework.JdkDynamicAopProxy.invoke(JdkDynamicAopProxy.java:204) ~[spring-aop-3.2.4.RELEASE.jar:3.2.4.RELEASE]
	at $Proxy51.findAll(Unknown Source) ~[na:na]
	at cn.ilongfei.service.recipe.RecipeService.getAllRecipe(RecipeService.java:43) ~[classes/:na]
	at cn.ilongfei.service.recipe.RecipeService$$FastClassByCGLIB$$50804d66.invoke(<generated>) ~[spring-core-3.2.4.RELEASE.jar:na]
	at org.springframework.cglib.proxy.MethodProxy.invoke(MethodProxy.java:204) ~[spring-core-3.2.4.RELEASE.jar:3.2.4.RELEASE]
	at org.springframework.aop.framework.CglibAopProxy$CglibMethodInvocation.invokeJoinpoint(CglibAopProxy.java:698) ~[spring-aop-3.2.4.RELEASE.jar:3.2.4.RELEASE]
	at org.springframework.aop.framework.ReflectiveMethodInvocation.proceed(ReflectiveMethodInvocation.java:150) ~[spring-aop-3.2.4.RELEASE.jar:3.2.4.RELEASE]
	at org.springframework.transaction.interceptor.TransactionInterceptor$1.proceedWithInvocation(TransactionInterceptor.java:96) ~[spring-tx-3.2.4.RELEASE.jar:3.2.4.RELEASE]
	at org.springframework.transaction.interceptor.TransactionAspectSupport.invokeWithinTransaction(TransactionAspectSupport.java:260) ~[spring-tx-3.2.4.RELEASE.jar:3.2.4.RELEASE]
	at org.springframework.transaction.interceptor.TransactionInterceptor.invoke(TransactionInterceptor.java:94) ~[spring-tx-3.2.4.RELEASE.jar:3.2.4.RELEASE]
	at org.springframework.aop.framework.ReflectiveMethodInvocation.proceed(ReflectiveMethodInvocation.java:172) ~[spring-aop-3.2.4.RELEASE.jar:3.2.4.RELEASE]
	at org.springframework.aop.framework.CglibAopProxy$DynamicAdvisedInterceptor.intercept(CglibAopProxy.java:631) ~[spring-aop-3.2.4.RELEASE.jar:3.2.4.RELEASE]
	at cn.ilongfei.service.recipe.RecipeService$$EnhancerByCGLIB$$808e8ef6.getAllRecipe(<generated>) ~[spring-core-3.2.4.RELEASE.jar:na]
	at cn.ilongfei.rest.RecipeRestController.list(RecipeRestController.java:47) ~[classes/:na]
	at sun.reflect.NativeMethodAccessorImpl.invoke0(Native Method) ~[na:1.6.0_10-rc2]
	at sun.reflect.NativeMethodAccessorImpl.invoke(NativeMethodAccessorImpl.java:39) ~[na:1.6.0_10-rc2]
	at sun.reflect.DelegatingMethodAccessorImpl.invoke(DelegatingMethodAccessorImpl.java:25) ~[na:1.6.0_10-rc2]
	at java.lang.reflect.Method.invoke(Method.java:597) ~[na:1.6.0_10-rc2]
	at org.springframework.web.method.support.InvocableHandlerMethod.invoke(InvocableHandlerMethod.java:219) ~[spring-web-3.2.4.RELEASE.jar:3.2.4.RELEASE]
	at org.springframework.web.method.support.InvocableHandlerMethod.invokeForRequest(InvocableHandlerMethod.java:132) ~[spring-web-3.2.4.RELEASE.jar:3.2.4.RELEASE]
	at org.springframework.web.servlet.mvc.method.annotation.ServletInvocableHandlerMethod.invokeAndHandle(ServletInvocableHandlerMethod.java:104) ~[spring-webmvc-3.2.4.RELEASE.jar:3.2.4.RELEASE]
	at org.springframework.web.servlet.mvc.method.annotation.RequestMappingHandlerAdapter.invokeHandleMethod(RequestMappingHandlerAdapter.java:745) ~[spring-webmvc-3.2.4.RELEASE.jar:3.2.4.RELEASE]
	at org.springframework.web.servlet.mvc.method.annotation.RequestMappingHandlerAdapter.handleInternal(RequestMappingHandlerAdapter.java:686) ~[spring-webmvc-3.2.4.RELEASE.jar:3.2.4.RELEASE]
	at org.springframework.web.servlet.mvc.method.AbstractHandlerMethodAdapter.handle(AbstractHandlerMethodAdapter.java:80) ~[spring-webmvc-3.2.4.RELEASE.jar:3.2.4.RELEASE]
	at org.springframework.web.servlet.DispatcherServlet.doDispatch(DispatcherServlet.java:925) [spring-webmvc-3.2.4.RELEASE.jar:3.2.4.RELEASE]
	at org.springframework.web.servlet.DispatcherServlet.doService(DispatcherServlet.java:856) [spring-webmvc-3.2.4.RELEASE.jar:3.2.4.RELEASE]
	at org.springframework.web.servlet.FrameworkServlet.processRequest(FrameworkServlet.java:936) [spring-webmvc-3.2.4.RELEASE.jar:3.2.4.RELEASE]
	at org.springframework.web.servlet.FrameworkServlet.doGet(FrameworkServlet.java:827) [spring-webmvc-3.2.4.RELEASE.jar:3.2.4.RELEASE]
	at javax.servlet.http.HttpServlet.service(HttpServlet.java:707) [javax.servlet-2.5.0.v201103041518.jar:na]
	at org.springframework.web.servlet.FrameworkServlet.service(FrameworkServlet.java:812) [spring-webmvc-3.2.4.RELEASE.jar:3.2.4.RELEASE]
	at javax.servlet.http.HttpServlet.service(HttpServlet.java:820) [javax.servlet-2.5.0.v201103041518.jar:na]
	at org.eclipse.jetty.servlet.ServletHolder.handle(ServletHolder.java:654) [jetty-servlet-7.6.12.v20130726.jar:7.6.12.v20130726]
	at org.eclipse.jetty.servlet.ServletHandler$CachedChain.doFilter(ServletHandler.java:1320) [jetty-servlet-7.6.12.v20130726.jar:7.6.12.v20130726]
	at com.opensymphony.sitemesh.webapp.SiteMeshFilter.doFilter(SiteMeshFilter.java:65) [sitemesh-2.4.2.jar:na]
	at org.eclipse.jetty.servlet.ServletHandler$CachedChain.doFilter(ServletHandler.java:1291) [jetty-servlet-7.6.12.v20130726.jar:7.6.12.v20130726]
	at org.apache.shiro.web.servlet.ProxiedFilterChain.doFilter(ProxiedFilterChain.java:61) [shiro-web-1.2.2.jar:1.2.2]
	at org.apache.shiro.web.servlet.AdviceFilter.executeChain(AdviceFilter.java:108) [shiro-web-1.2.2.jar:1.2.2]
	at org.apache.shiro.web.servlet.AdviceFilter.doFilterInternal(AdviceFilter.java:137) [shiro-web-1.2.2.jar:1.2.2]
	at org.apache.shiro.web.servlet.OncePerRequestFilter.doFilter(OncePerRequestFilter.java:125) [shiro-web-1.2.2.jar:1.2.2]
	at org.apache.shiro.web.servlet.ProxiedFilterChain.doFilter(ProxiedFilterChain.java:66) [shiro-web-1.2.2.jar:1.2.2]
	at org.apache.shiro.web.servlet.AbstractShiroFilter.executeChain(AbstractShiroFilter.java:449) [shiro-web-1.2.2.jar:1.2.2]
	at org.apache.shiro.web.servlet.AbstractShiroFilter$1.call(AbstractShiroFilter.java:365) [shiro-web-1.2.2.jar:1.2.2]
	at org.apache.shiro.subject.support.SubjectCallable.doCall(SubjectCallable.java:90) [shiro-core-1.2.2.jar:1.2.2]
	at org.apache.shiro.subject.support.SubjectCallable.call(SubjectCallable.java:83) [shiro-core-1.2.2.jar:1.2.2]
	at org.apache.shiro.subject.support.DelegatingSubject.execute(DelegatingSubject.java:383) [shiro-core-1.2.2.jar:1.2.2]
	at org.apache.shiro.web.servlet.AbstractShiroFilter.doFilterInternal(AbstractShiroFilter.java:362) [shiro-web-1.2.2.jar:1.2.2]
	at org.apache.shiro.web.servlet.OncePerRequestFilter.doFilter(OncePerRequestFilter.java:125) [shiro-web-1.2.2.jar:1.2.2]
	at org.springframework.web.filter.DelegatingFilterProxy.invokeDelegate(DelegatingFilterProxy.java:343) [spring-web-3.2.4.RELEASE.jar:3.2.4.RELEASE]
	at org.springframework.web.filter.DelegatingFilterProxy.doFilter(DelegatingFilterProxy.java:260) [spring-web-3.2.4.RELEASE.jar:3.2.4.RELEASE]
	at org.eclipse.jetty.servlet.ServletHandler$CachedChain.doFilter(ServletHandler.java:1291) [jetty-servlet-7.6.12.v20130726.jar:7.6.12.v20130726]
	at org.springframework.orm.jpa.support.OpenEntityManagerInViewFilter.doFilterInternal(OpenEntityManagerInViewFilter.java:180) [spring-orm-3.2.4.RELEASE.jar:3.2.4.RELEASE]
	at org.springframework.web.filter.OncePerRequestFilter.doFilter(OncePerRequestFilter.java:107) [spring-web-3.2.4.RELEASE.jar:3.2.4.RELEASE]
	at org.eclipse.jetty.servlet.ServletHandler$CachedChain.doFilter(ServletHandler.java:1291) [jetty-servlet-7.6.12.v20130726.jar:7.6.12.v20130726]
	at org.springframework.web.filter.CharacterEncodingFilter.doFilterInternal(CharacterEncodingFilter.java:88) [spring-web-3.2.4.RELEASE.jar:3.2.4.RELEASE]
	at org.springframework.web.filter.OncePerRequestFilter.doFilter(OncePerRequestFilter.java:107) [spring-web-3.2.4.RELEASE.jar:3.2.4.RELEASE]
	at org.eclipse.jetty.servlet.ServletHandler$CachedChain.doFilter(ServletHandler.java:1291) [jetty-servlet-7.6.12.v20130726.jar:7.6.12.v20130726]
	at org.eclipse.jetty.servlet.ServletHandler.doHandle(ServletHandler.java:443) [jetty-servlet-7.6.12.v20130726.jar:7.6.12.v20130726]
	at org.eclipse.jetty.server.handler.ScopedHandler.handle(ScopedHandler.java:137) [jetty-server-7.6.12.v20130726.jar:7.6.12.v20130726]
	at org.eclipse.jetty.security.SecurityHandler.handle(SecurityHandler.java:556) [jetty-security-7.6.12.v20130726.jar:7.6.12.v20130726]
	at org.eclipse.jetty.server.session.SessionHandler.doHandle(SessionHandler.java:227) [jetty-server-7.6.12.v20130726.jar:7.6.12.v20130726]
	at org.eclipse.jetty.server.handler.ContextHandler.doHandle(ContextHandler.java:1044) [jetty-server-7.6.12.v20130726.jar:7.6.12.v20130726]
	at org.eclipse.jetty.servlet.ServletHandler.doScope(ServletHandler.java:372) [jetty-servlet-7.6.12.v20130726.jar:7.6.12.v20130726]
	at org.eclipse.jetty.server.session.SessionHandler.doScope(SessionHandler.java:189) [jetty-server-7.6.12.v20130726.jar:7.6.12.v20130726]
	at org.eclipse.jetty.server.handler.ContextHandler.doScope(ContextHandler.java:978) [jetty-server-7.6.12.v20130726.jar:7.6.12.v20130726]
	at org.eclipse.jetty.server.handler.ScopedHandler.handle(ScopedHandler.java:135) [jetty-server-7.6.12.v20130726.jar:7.6.12.v20130726]
	at org.eclipse.jetty.server.handler.ContextHandlerCollection.handle(ContextHandlerCollection.java:255) [jetty-server-7.6.12.v20130726.jar:7.6.12.v20130726]
	at org.eclipse.jetty.server.handler.HandlerCollection.handle(HandlerCollection.java:154) [jetty-server-7.6.12.v20130726.jar:7.6.12.v20130726]
	at org.eclipse.jetty.server.handler.HandlerWrapper.handle(HandlerWrapper.java:116) [jetty-server-7.6.12.v20130726.jar:7.6.12.v20130726]
	at org.eclipse.jetty.server.Server.handle(Server.java:369) [jetty-server-7.6.12.v20130726.jar:7.6.12.v20130726]
	at org.eclipse.jetty.server.AbstractHttpConnection.handleRequest(AbstractHttpConnection.java:486) [jetty-server-7.6.12.v20130726.jar:7.6.12.v20130726]
	at org.eclipse.jetty.server.AbstractHttpConnection.headerComplete(AbstractHttpConnection.java:933) [jetty-server-7.6.12.v20130726.jar:7.6.12.v20130726]
	at org.eclipse.jetty.server.AbstractHttpConnection$RequestHandler.headerComplete(AbstractHttpConnection.java:995) [jetty-server-7.6.12.v20130726.jar:7.6.12.v20130726]
	at org.eclipse.jetty.http.HttpParser.parseNext(HttpParser.java:644) [jetty-http-7.6.12.v20130726.jar:7.6.12.v20130726]
	at org.eclipse.jetty.http.HttpParser.parseAvailable(HttpParser.java:235) [jetty-http-7.6.12.v20130726.jar:7.6.12.v20130726]
	at org.eclipse.jetty.server.AsyncHttpConnection.handle(AsyncHttpConnection.java:82) [jetty-server-7.6.12.v20130726.jar:7.6.12.v20130726]
	at org.eclipse.jetty.io.nio.SelectChannelEndPoint.handle(SelectChannelEndPoint.java:668) [jetty-io-7.6.12.v20130726.jar:7.6.12.v20130726]
	at org.eclipse.jetty.io.nio.SelectChannelEndPoint$1.run(SelectChannelEndPoint.java:52) [jetty-io-7.6.12.v20130726.jar:7.6.12.v20130726]
	at org.eclipse.jetty.util.thread.QueuedThreadPool.runJob(QueuedThreadPool.java:608) [jetty-util-7.6.12.v20130726.jar:7.6.12.v20130726]
	at org.eclipse.jetty.util.thread.QueuedThreadPool$3.run(QueuedThreadPool.java:543) [jetty-util-7.6.12.v20130726.jar:7.6.12.v20130726]
	at java.lang.Thread.run(Thread.java:619) [na:1.6.0_10-rc2]
Caused by: org.hibernate.exception.SQLGrammarException: could not prepare statement
	at org.hibernate.exception.internal.SQLStateConversionDelegate.convert(SQLStateConversionDelegate.java:123) ~[hibernate-core-4.2.5.Final.jar:4.2.5.Final]
	at org.hibernate.exception.internal.StandardSQLExceptionConverter.convert(StandardSQLExceptionConverter.java:49) ~[hibernate-core-4.2.5.Final.jar:4.2.5.Final]
	at org.hibernate.engine.jdbc.spi.SqlExceptionHelper.convert(SqlExceptionHelper.java:125) ~[hibernate-core-4.2.5.Final.jar:4.2.5.Final]
	at org.hibernate.engine.jdbc.internal.StatementPreparerImpl$StatementPreparationTemplate.prepareStatement(StatementPreparerImpl.java:188) ~[hibernate-core-4.2.5.Final.jar:4.2.5.Final]
	at org.hibernate.engine.jdbc.internal.StatementPreparerImpl.prepareQueryStatement(StatementPreparerImpl.java:159) ~[hibernate-core-4.2.5.Final.jar:4.2.5.Final]
	at org.hibernate.loader.Loader.prepareQueryStatement(Loader.java:1859) ~[hibernate-core-4.2.5.Final.jar:4.2.5.Final]
	at org.hibernate.loader.Loader.executeQueryStatement(Loader.java:1836) ~[hibernate-core-4.2.5.Final.jar:4.2.5.Final]
	at org.hibernate.loader.Loader.executeQueryStatement(Loader.java:1816) ~[hibernate-core-4.2.5.Final.jar:4.2.5.Final]
	at org.hibernate.loader.Loader.doQuery(Loader.java:900) ~[hibernate-core-4.2.5.Final.jar:4.2.5.Final]
	at org.hibernate.loader.Loader.doQueryAndInitializeNonLazyCollections(Loader.java:342) ~[hibernate-core-4.2.5.Final.jar:4.2.5.Final]
	at org.hibernate.loader.Loader.doList(Loader.java:2526) ~[hibernate-core-4.2.5.Final.jar:4.2.5.Final]
	at org.hibernate.loader.Loader.doList(Loader.java:2512) ~[hibernate-core-4.2.5.Final.jar:4.2.5.Final]
	at org.hibernate.loader.Loader.listIgnoreQueryCache(Loader.java:2342) ~[hibernate-core-4.2.5.Final.jar:4.2.5.Final]
	at org.hibernate.loader.Loader.list(Loader.java:2337) ~[hibernate-core-4.2.5.Final.jar:4.2.5.Final]
	at org.hibernate.loader.hql.QueryLoader.list(QueryLoader.java:495) ~[hibernate-core-4.2.5.Final.jar:4.2.5.Final]
	at org.hibernate.hql.internal.ast.QueryTranslatorImpl.list(QueryTranslatorImpl.java:356) ~[hibernate-core-4.2.5.Final.jar:4.2.5.Final]
	at org.hibernate.engine.query.spi.HQLQueryPlan.performList(HQLQueryPlan.java:195) ~[hibernate-core-4.2.5.Final.jar:4.2.5.Final]
	at org.hibernate.internal.SessionImpl.list(SessionImpl.java:1269) ~[hibernate-core-4.2.5.Final.jar:4.2.5.Final]
	at org.hibernate.internal.QueryImpl.list(QueryImpl.java:101) ~[hibernate-core-4.2.5.Final.jar:4.2.5.Final]
	at org.hibernate.ejb.QueryImpl.getResultList(QueryImpl.java:268) ~[hibernate-entitymanager-4.2.5.Final.jar:4.2.5.Final]
	at org.hibernate.ejb.criteria.CriteriaQueryCompiler$3.getResultList(CriteriaQueryCompiler.java:254) ~[hibernate-entitymanager-4.2.5.Final.jar:4.2.5.Final]
	at org.springframework.data.jpa.repository.support.SimpleJpaRepository.findAll(SimpleJpaRepository.java:251) ~[spring-data-jpa-1.4.1.RELEASE.jar:na]
	at sun.reflect.NativeMethodAccessorImpl.invoke0(Native Method) ~[na:1.6.0_10-rc2]
	at sun.reflect.NativeMethodAccessorImpl.invoke(NativeMethodAccessorImpl.java:39) ~[na:1.6.0_10-rc2]
	at sun.reflect.DelegatingMethodAccessorImpl.invoke(DelegatingMethodAccessorImpl.java:25) ~[na:1.6.0_10-rc2]
	at java.lang.reflect.Method.invoke(Method.java:597) ~[na:1.6.0_10-rc2]
	at org.springframework.data.repository.core.support.RepositoryFactorySupport$QueryExecutorMethodInterceptor.executeMethodOn(RepositoryFactorySupport.java:344) ~[spring-data-commons-1.6.1.RELEASE.jar:na]
	at org.springframework.data.repository.core.support.RepositoryFactorySupport$QueryExecutorMethodInterceptor.invoke(RepositoryFactorySupport.java:329) ~[spring-data-commons-1.6.1.RELEASE.jar:na]
	at org.springframework.aop.framework.ReflectiveMethodInvocation.proceed(ReflectiveMethodInvocation.java:172) ~[spring-aop-3.2.4.RELEASE.jar:3.2.4.RELEASE]
	at org.springframework.transaction.interceptor.TransactionInterceptor$1.proceedWithInvocation(TransactionInterceptor.java:96) ~[spring-tx-3.2.4.RELEASE.jar:3.2.4.RELEASE]
	at org.springframework.transaction.interceptor.TransactionAspectSupport.invokeWithinTransaction(TransactionAspectSupport.java:260) ~[spring-tx-3.2.4.RELEASE.jar:3.2.4.RELEASE]
	at org.springframework.transaction.interceptor.TransactionInterceptor.invoke(TransactionInterceptor.java:94) ~[spring-tx-3.2.4.RELEASE.jar:3.2.4.RELEASE]
	at org.springframework.aop.framework.ReflectiveMethodInvocation.proceed(ReflectiveMethodInvocation.java:172) ~[spring-aop-3.2.4.RELEASE.jar:3.2.4.RELEASE]
	at org.springframework.dao.support.PersistenceExceptionTranslationInterceptor.invoke(PersistenceExceptionTranslationInterceptor.java:155) ~[spring-tx-3.2.4.RELEASE.jar:3.2.4.RELEASE]
	... 85 common frames omitted
Caused by: org.h2.jdbc.JdbcSQLException: Table "TBL_RECIPE" not found; SQL statement:
select recipe0_.id as id1_0_, recipe0_.create_date as create_d2_0_, recipe0_.last_modify_date as last_mod3_0_, recipe0_.name as name4_0_, recipe0_.user_id as user_id5_0_ from tbl_recipe recipe0_ [42102-173]
	at org.h2.message.DbException.getJdbcSQLException(DbException.java:331) ~[h2-1.3.173.jar:1.3.173]
	at org.h2.message.DbException.get(DbException.java:171) ~[h2-1.3.173.jar:1.3.173]
	at org.h2.message.DbException.get(DbException.java:148) ~[h2-1.3.173.jar:1.3.173]
	at org.h2.command.Parser.readTableOrView(Parser.java:4864) ~[h2-1.3.173.jar:1.3.173]
	at org.h2.command.Parser.readTableFilter(Parser.java:1107) ~[h2-1.3.173.jar:1.3.173]
	at org.h2.command.Parser.parseSelectSimpleFromPart(Parser.java:1713) ~[h2-1.3.173.jar:1.3.173]
	at org.h2.command.Parser.parseSelectSimple(Parser.java:1821) ~[h2-1.3.173.jar:1.3.173]
	at org.h2.command.Parser.parseSelectSub(Parser.java:1707) ~[h2-1.3.173.jar:1.3.173]
	at org.h2.command.Parser.parseSelectUnion(Parser.java:1550) ~[h2-1.3.173.jar:1.3.173]
	at org.h2.command.Parser.parseSelect(Parser.java:1538) ~[h2-1.3.173.jar:1.3.173]
	at org.h2.command.Parser.parsePrepared(Parser.java:405) ~[h2-1.3.173.jar:1.3.173]
	at org.h2.command.Parser.parse(Parser.java:279) ~[h2-1.3.173.jar:1.3.173]
	at org.h2.command.Parser.parse(Parser.java:251) ~[h2-1.3.173.jar:1.3.173]
	at org.h2.command.Parser.prepareCommand(Parser.java:218) ~[h2-1.3.173.jar:1.3.173]
	at org.h2.engine.Session.prepareLocal(Session.java:428) ~[h2-1.3.173.jar:1.3.173]
	at org.h2.engine.Session.prepareCommand(Session.java:377) ~[h2-1.3.173.jar:1.3.173]
	at org.h2.jdbc.JdbcConnection.prepareCommand(JdbcConnection.java:1138) ~[h2-1.3.173.jar:1.3.173]
	at org.h2.jdbc.JdbcPreparedStatement.<init>(JdbcPreparedStatement.java:70) ~[h2-1.3.173.jar:1.3.173]
	at org.h2.jdbc.JdbcConnection.prepareStatement(JdbcConnection.java:267) ~[h2-1.3.173.jar:1.3.173]
	at sun.reflect.NativeMethodAccessorImpl.invoke0(Native Method) ~[na:1.6.0_10-rc2]
	at sun.reflect.NativeMethodAccessorImpl.invoke(NativeMethodAccessorImpl.java:39) ~[na:1.6.0_10-rc2]
	at sun.reflect.DelegatingMethodAccessorImpl.invoke(DelegatingMethodAccessorImpl.java:25) ~[na:1.6.0_10-rc2]
	at java.lang.reflect.Method.invoke(Method.java:597) ~[na:1.6.0_10-rc2]
	at org.apache.tomcat.jdbc.pool.ProxyConnection.invoke(ProxyConnection.java:126) ~[tomcat-jdbc-7.0.42.jar:na]
	at org.apache.tomcat.jdbc.pool.JdbcInterceptor.invoke(JdbcInterceptor.java:109) ~[tomcat-jdbc-7.0.42.jar:na]
	at org.apache.tomcat.jdbc.pool.DisposableConnectionFacade.invoke(DisposableConnectionFacade.java:80) ~[tomcat-jdbc-7.0.42.jar:na]
	at $Proxy26.prepareStatement(Unknown Source) ~[na:na]
	at org.hibernate.engine.jdbc.internal.StatementPreparerImpl$5.doPrepare(StatementPreparerImpl.java:161) ~[hibernate-core-4.2.5.Final.jar:4.2.5.Final]
	at org.hibernate.engine.jdbc.internal.StatementPreparerImpl$StatementPreparationTemplate.prepareStatement(StatementPreparerImpl.java:182) ~[hibernate-core-4.2.5.Final.jar:4.2.5.Final]
	... 115 common frames omitted
16:49:13.984 [qtp20272939-32] WARN  o.h.e.jdbc.spi.SqlExceptionHelper - SQL Error: 42122, SQLState: 42S22
16:49:14.000 [qtp20272939-32] ERROR o.h.e.jdbc.spi.SqlExceptionHelper - Column "RECIPE0_.CREATE_DATE" not found; SQL statement:
select recipe0_.id as id1_0_, recipe0_.create_date as create_d2_0_, recipe0_.last_modify_date as last_mod3_0_, recipe0_.name as name4_0_, recipe0_.user_id as user_id5_0_ from tbl_recipe recipe0_ [42122-173]
16:49:16.343 [qtp20272939-32] ERROR 500.jsp - could not prepare statement; SQL [select recipe0_.id as id1_0_, recipe0_.create_date as create_d2_0_, recipe0_.last_modify_date as last_mod3_0_, recipe0_.name as name4_0_, recipe0_.user_id as user_id5_0_ from tbl_recipe recipe0_]; nested exception is org.hibernate.exception.SQLGrammarException: could not prepare statement
org.springframework.dao.InvalidDataAccessResourceUsageException: could not prepare statement; SQL [select recipe0_.id as id1_0_, recipe0_.create_date as create_d2_0_, recipe0_.last_modify_date as last_mod3_0_, recipe0_.name as name4_0_, recipe0_.user_id as user_id5_0_ from tbl_recipe recipe0_]; nested exception is org.hibernate.exception.SQLGrammarException: could not prepare statement
	at org.springframework.orm.hibernate3.SessionFactoryUtils.convertHibernateAccessException(SessionFactoryUtils.java:635) ~[spring-orm-3.2.4.RELEASE.jar:3.2.4.RELEASE]
	at org.springframework.orm.jpa.vendor.HibernateJpaDialect.translateExceptionIfPossible(HibernateJpaDialect.java:106) ~[spring-orm-3.2.4.RELEASE.jar:3.2.4.RELEASE]
	at org.springframework.orm.jpa.AbstractEntityManagerFactoryBean.translateExceptionIfPossible(AbstractEntityManagerFactoryBean.java:403) ~[spring-orm-3.2.4.RELEASE.jar:3.2.4.RELEASE]
	at org.springframework.dao.support.ChainedPersistenceExceptionTranslator.translateExceptionIfPossible(ChainedPersistenceExceptionTranslator.java:58) ~[spring-tx-3.2.4.RELEASE.jar:3.2.4.RELEASE]
	at org.springframework.dao.support.DataAccessUtils.translateIfNecessary(DataAccessUtils.java:213) ~[spring-tx-3.2.4.RELEASE.jar:3.2.4.RELEASE]
	at org.springframework.dao.support.PersistenceExceptionTranslationInterceptor.invoke(PersistenceExceptionTranslationInterceptor.java:163) ~[spring-tx-3.2.4.RELEASE.jar:3.2.4.RELEASE]
	at org.springframework.aop.framework.ReflectiveMethodInvocation.proceed(ReflectiveMethodInvocation.java:172) ~[spring-aop-3.2.4.RELEASE.jar:3.2.4.RELEASE]
	at org.springframework.data.jpa.repository.support.LockModeRepositoryPostProcessor$LockModePopulatingMethodIntercceptor.invoke(LockModeRepositoryPostProcessor.java:92) ~[spring-data-jpa-1.4.1.RELEASE.jar:na]
	at org.springframework.aop.framework.ReflectiveMethodInvocation.proceed(ReflectiveMethodInvocation.java:172) ~[spring-aop-3.2.4.RELEASE.jar:3.2.4.RELEASE]
	at org.springframework.aop.interceptor.ExposeInvocationInterceptor.invoke(ExposeInvocationInterceptor.java:91) ~[spring-aop-3.2.4.RELEASE.jar:3.2.4.RELEASE]
	at org.springframework.aop.framework.ReflectiveMethodInvocation.proceed(ReflectiveMethodInvocation.java:172) ~[spring-aop-3.2.4.RELEASE.jar:3.2.4.RELEASE]
	at org.springframework.aop.framework.JdkDynamicAopProxy.invoke(JdkDynamicAopProxy.java:204) ~[spring-aop-3.2.4.RELEASE.jar:3.2.4.RELEASE]
	at $Proxy51.findAll(Unknown Source) ~[na:na]
	at cn.ilongfei.service.recipe.RecipeService.getAllRecipe(RecipeService.java:43) ~[classes/:na]
	at cn.ilongfei.service.recipe.RecipeService$$FastClassByCGLIB$$50804d66.invoke(<generated>) ~[spring-core-3.2.4.RELEASE.jar:na]
	at org.springframework.cglib.proxy.MethodProxy.invoke(MethodProxy.java:204) ~[spring-core-3.2.4.RELEASE.jar:3.2.4.RELEASE]
	at org.springframework.aop.framework.CglibAopProxy$CglibMethodInvocation.invokeJoinpoint(CglibAopProxy.java:698) ~[spring-aop-3.2.4.RELEASE.jar:3.2.4.RELEASE]
	at org.springframework.aop.framework.ReflectiveMethodInvocation.proceed(ReflectiveMethodInvocation.java:150) ~[spring-aop-3.2.4.RELEASE.jar:3.2.4.RELEASE]
	at org.springframework.transaction.interceptor.TransactionInterceptor$1.proceedWithInvocation(TransactionInterceptor.java:96) ~[spring-tx-3.2.4.RELEASE.jar:3.2.4.RELEASE]
	at org.springframework.transaction.interceptor.TransactionAspectSupport.invokeWithinTransaction(TransactionAspectSupport.java:260) ~[spring-tx-3.2.4.RELEASE.jar:3.2.4.RELEASE]
	at org.springframework.transaction.interceptor.TransactionInterceptor.invoke(TransactionInterceptor.java:94) ~[spring-tx-3.2.4.RELEASE.jar:3.2.4.RELEASE]
	at org.springframework.aop.framework.ReflectiveMethodInvocation.proceed(ReflectiveMethodInvocation.java:172) ~[spring-aop-3.2.4.RELEASE.jar:3.2.4.RELEASE]
	at org.springframework.aop.framework.CglibAopProxy$DynamicAdvisedInterceptor.intercept(CglibAopProxy.java:631) ~[spring-aop-3.2.4.RELEASE.jar:3.2.4.RELEASE]
	at cn.ilongfei.service.recipe.RecipeService$$EnhancerByCGLIB$$e9c9d8bd.getAllRecipe(<generated>) ~[spring-core-3.2.4.RELEASE.jar:na]
	at cn.ilongfei.rest.RecipeRestController.list(RecipeRestController.java:47) ~[classes/:na]
	at sun.reflect.NativeMethodAccessorImpl.invoke0(Native Method) ~[na:1.6.0_10-rc2]
	at sun.reflect.NativeMethodAccessorImpl.invoke(NativeMethodAccessorImpl.java:39) ~[na:1.6.0_10-rc2]
	at sun.reflect.DelegatingMethodAccessorImpl.invoke(DelegatingMethodAccessorImpl.java:25) ~[na:1.6.0_10-rc2]
	at java.lang.reflect.Method.invoke(Method.java:597) ~[na:1.6.0_10-rc2]
	at org.springframework.web.method.support.InvocableHandlerMethod.invoke(InvocableHandlerMethod.java:219) ~[spring-web-3.2.4.RELEASE.jar:3.2.4.RELEASE]
	at org.springframework.web.method.support.InvocableHandlerMethod.invokeForRequest(InvocableHandlerMethod.java:132) ~[spring-web-3.2.4.RELEASE.jar:3.2.4.RELEASE]
	at org.springframework.web.servlet.mvc.method.annotation.ServletInvocableHandlerMethod.invokeAndHandle(ServletInvocableHandlerMethod.java:104) ~[spring-webmvc-3.2.4.RELEASE.jar:3.2.4.RELEASE]
	at org.springframework.web.servlet.mvc.method.annotation.RequestMappingHandlerAdapter.invokeHandleMethod(RequestMappingHandlerAdapter.java:745) ~[spring-webmvc-3.2.4.RELEASE.jar:3.2.4.RELEASE]
	at org.springframework.web.servlet.mvc.method.annotation.RequestMappingHandlerAdapter.handleInternal(RequestMappingHandlerAdapter.java:686) ~[spring-webmvc-3.2.4.RELEASE.jar:3.2.4.RELEASE]
	at org.springframework.web.servlet.mvc.method.AbstractHandlerMethodAdapter.handle(AbstractHandlerMethodAdapter.java:80) ~[spring-webmvc-3.2.4.RELEASE.jar:3.2.4.RELEASE]
	at org.springframework.web.servlet.DispatcherServlet.doDispatch(DispatcherServlet.java:925) [spring-webmvc-3.2.4.RELEASE.jar:3.2.4.RELEASE]
	at org.springframework.web.servlet.DispatcherServlet.doService(DispatcherServlet.java:856) [spring-webmvc-3.2.4.RELEASE.jar:3.2.4.RELEASE]
	at org.springframework.web.servlet.FrameworkServlet.processRequest(FrameworkServlet.java:936) [spring-webmvc-3.2.4.RELEASE.jar:3.2.4.RELEASE]
	at org.springframework.web.servlet.FrameworkServlet.doGet(FrameworkServlet.java:827) [spring-webmvc-3.2.4.RELEASE.jar:3.2.4.RELEASE]
	at javax.servlet.http.HttpServlet.service(HttpServlet.java:707) [javax.servlet-2.5.0.v201103041518.jar:na]
	at org.springframework.web.servlet.FrameworkServlet.service(FrameworkServlet.java:812) [spring-webmvc-3.2.4.RELEASE.jar:3.2.4.RELEASE]
	at javax.servlet.http.HttpServlet.service(HttpServlet.java:820) [javax.servlet-2.5.0.v201103041518.jar:na]
	at org.eclipse.jetty.servlet.ServletHolder.handle(ServletHolder.java:654) [jetty-servlet-7.6.12.v20130726.jar:7.6.12.v20130726]
	at org.eclipse.jetty.servlet.ServletHandler$CachedChain.doFilter(ServletHandler.java:1320) [jetty-servlet-7.6.12.v20130726.jar:7.6.12.v20130726]
	at com.opensymphony.sitemesh.webapp.SiteMeshFilter.doFilter(SiteMeshFilter.java:65) [sitemesh-2.4.2.jar:na]
	at org.eclipse.jetty.servlet.ServletHandler$CachedChain.doFilter(ServletHandler.java:1291) [jetty-servlet-7.6.12.v20130726.jar:7.6.12.v20130726]
	at org.apache.shiro.web.servlet.ProxiedFilterChain.doFilter(ProxiedFilterChain.java:61) [shiro-web-1.2.2.jar:1.2.2]
	at org.apache.shiro.web.servlet.AdviceFilter.executeChain(AdviceFilter.java:108) [shiro-web-1.2.2.jar:1.2.2]
	at org.apache.shiro.web.servlet.AdviceFilter.doFilterInternal(AdviceFilter.java:137) [shiro-web-1.2.2.jar:1.2.2]
	at org.apache.shiro.web.servlet.OncePerRequestFilter.doFilter(OncePerRequestFilter.java:125) [shiro-web-1.2.2.jar:1.2.2]
	at org.apache.shiro.web.servlet.ProxiedFilterChain.doFilter(ProxiedFilterChain.java:66) [shiro-web-1.2.2.jar:1.2.2]
	at org.apache.shiro.web.servlet.AbstractShiroFilter.executeChain(AbstractShiroFilter.java:449) [shiro-web-1.2.2.jar:1.2.2]
	at org.apache.shiro.web.servlet.AbstractShiroFilter$1.call(AbstractShiroFilter.java:365) [shiro-web-1.2.2.jar:1.2.2]
	at org.apache.shiro.subject.support.SubjectCallable.doCall(SubjectCallable.java:90) [shiro-core-1.2.2.jar:1.2.2]
	at org.apache.shiro.subject.support.SubjectCallable.call(SubjectCallable.java:83) [shiro-core-1.2.2.jar:1.2.2]
	at org.apache.shiro.subject.support.DelegatingSubject.execute(DelegatingSubject.java:383) [shiro-core-1.2.2.jar:1.2.2]
	at org.apache.shiro.web.servlet.AbstractShiroFilter.doFilterInternal(AbstractShiroFilter.java:362) [shiro-web-1.2.2.jar:1.2.2]
	at org.apache.shiro.web.servlet.OncePerRequestFilter.doFilter(OncePerRequestFilter.java:125) [shiro-web-1.2.2.jar:1.2.2]
	at org.springframework.web.filter.DelegatingFilterProxy.invokeDelegate(DelegatingFilterProxy.java:343) [spring-web-3.2.4.RELEASE.jar:3.2.4.RELEASE]
	at org.springframework.web.filter.DelegatingFilterProxy.doFilter(DelegatingFilterProxy.java:260) [spring-web-3.2.4.RELEASE.jar:3.2.4.RELEASE]
	at org.eclipse.jetty.servlet.ServletHandler$CachedChain.doFilter(ServletHandler.java:1291) [jetty-servlet-7.6.12.v20130726.jar:7.6.12.v20130726]
	at org.springframework.orm.jpa.support.OpenEntityManagerInViewFilter.doFilterInternal(OpenEntityManagerInViewFilter.java:180) [spring-orm-3.2.4.RELEASE.jar:3.2.4.RELEASE]
	at org.springframework.web.filter.OncePerRequestFilter.doFilter(OncePerRequestFilter.java:107) [spring-web-3.2.4.RELEASE.jar:3.2.4.RELEASE]
	at org.eclipse.jetty.servlet.ServletHandler$CachedChain.doFilter(ServletHandler.java:1291) [jetty-servlet-7.6.12.v20130726.jar:7.6.12.v20130726]
	at org.springframework.web.filter.CharacterEncodingFilter.doFilterInternal(CharacterEncodingFilter.java:88) [spring-web-3.2.4.RELEASE.jar:3.2.4.RELEASE]
	at org.springframework.web.filter.OncePerRequestFilter.doFilter(OncePerRequestFilter.java:107) [spring-web-3.2.4.RELEASE.jar:3.2.4.RELEASE]
	at org.eclipse.jetty.servlet.ServletHandler$CachedChain.doFilter(ServletHandler.java:1291) [jetty-servlet-7.6.12.v20130726.jar:7.6.12.v20130726]
	at org.eclipse.jetty.servlet.ServletHandler.doHandle(ServletHandler.java:443) [jetty-servlet-7.6.12.v20130726.jar:7.6.12.v20130726]
	at org.eclipse.jetty.server.handler.ScopedHandler.handle(ScopedHandler.java:137) [jetty-server-7.6.12.v20130726.jar:7.6.12.v20130726]
	at org.eclipse.jetty.security.SecurityHandler.handle(SecurityHandler.java:556) [jetty-security-7.6.12.v20130726.jar:7.6.12.v20130726]
	at org.eclipse.jetty.server.session.SessionHandler.doHandle(SessionHandler.java:227) [jetty-server-7.6.12.v20130726.jar:7.6.12.v20130726]
	at org.eclipse.jetty.server.handler.ContextHandler.doHandle(ContextHandler.java:1044) [jetty-server-7.6.12.v20130726.jar:7.6.12.v20130726]
	at org.eclipse.jetty.servlet.ServletHandler.doScope(ServletHandler.java:372) [jetty-servlet-7.6.12.v20130726.jar:7.6.12.v20130726]
	at org.eclipse.jetty.server.session.SessionHandler.doScope(SessionHandler.java:189) [jetty-server-7.6.12.v20130726.jar:7.6.12.v20130726]
	at org.eclipse.jetty.server.handler.ContextHandler.doScope(ContextHandler.java:978) [jetty-server-7.6.12.v20130726.jar:7.6.12.v20130726]
	at org.eclipse.jetty.server.handler.ScopedHandler.handle(ScopedHandler.java:135) [jetty-server-7.6.12.v20130726.jar:7.6.12.v20130726]
	at org.eclipse.jetty.server.handler.ContextHandlerCollection.handle(ContextHandlerCollection.java:255) [jetty-server-7.6.12.v20130726.jar:7.6.12.v20130726]
	at org.eclipse.jetty.server.handler.HandlerCollection.handle(HandlerCollection.java:154) [jetty-server-7.6.12.v20130726.jar:7.6.12.v20130726]
	at org.eclipse.jetty.server.handler.HandlerWrapper.handle(HandlerWrapper.java:116) [jetty-server-7.6.12.v20130726.jar:7.6.12.v20130726]
	at org.eclipse.jetty.server.Server.handle(Server.java:369) [jetty-server-7.6.12.v20130726.jar:7.6.12.v20130726]
	at org.eclipse.jetty.server.AbstractHttpConnection.handleRequest(AbstractHttpConnection.java:486) [jetty-server-7.6.12.v20130726.jar:7.6.12.v20130726]
	at org.eclipse.jetty.server.AbstractHttpConnection.headerComplete(AbstractHttpConnection.java:933) [jetty-server-7.6.12.v20130726.jar:7.6.12.v20130726]
	at org.eclipse.jetty.server.AbstractHttpConnection$RequestHandler.headerComplete(AbstractHttpConnection.java:995) [jetty-server-7.6.12.v20130726.jar:7.6.12.v20130726]
	at org.eclipse.jetty.http.HttpParser.parseNext(HttpParser.java:644) [jetty-http-7.6.12.v20130726.jar:7.6.12.v20130726]
	at org.eclipse.jetty.http.HttpParser.parseAvailable(HttpParser.java:235) [jetty-http-7.6.12.v20130726.jar:7.6.12.v20130726]
	at org.eclipse.jetty.server.AsyncHttpConnection.handle(AsyncHttpConnection.java:82) [jetty-server-7.6.12.v20130726.jar:7.6.12.v20130726]
	at org.eclipse.jetty.io.nio.SelectChannelEndPoint.handle(SelectChannelEndPoint.java:668) [jetty-io-7.6.12.v20130726.jar:7.6.12.v20130726]
	at org.eclipse.jetty.io.nio.SelectChannelEndPoint$1.run(SelectChannelEndPoint.java:52) [jetty-io-7.6.12.v20130726.jar:7.6.12.v20130726]
	at org.eclipse.jetty.util.thread.QueuedThreadPool.runJob(QueuedThreadPool.java:608) [jetty-util-7.6.12.v20130726.jar:7.6.12.v20130726]
	at org.eclipse.jetty.util.thread.QueuedThreadPool$3.run(QueuedThreadPool.java:543) [jetty-util-7.6.12.v20130726.jar:7.6.12.v20130726]
	at java.lang.Thread.run(Thread.java:619) [na:1.6.0_10-rc2]
Caused by: org.hibernate.exception.SQLGrammarException: could not prepare statement
	at org.hibernate.exception.internal.SQLStateConversionDelegate.convert(SQLStateConversionDelegate.java:123) ~[hibernate-core-4.2.5.Final.jar:4.2.5.Final]
	at org.hibernate.exception.internal.StandardSQLExceptionConverter.convert(StandardSQLExceptionConverter.java:49) ~[hibernate-core-4.2.5.Final.jar:4.2.5.Final]
	at org.hibernate.engine.jdbc.spi.SqlExceptionHelper.convert(SqlExceptionHelper.java:125) ~[hibernate-core-4.2.5.Final.jar:4.2.5.Final]
	at org.hibernate.engine.jdbc.internal.StatementPreparerImpl$StatementPreparationTemplate.prepareStatement(StatementPreparerImpl.java:188) ~[hibernate-core-4.2.5.Final.jar:4.2.5.Final]
	at org.hibernate.engine.jdbc.internal.StatementPreparerImpl.prepareQueryStatement(StatementPreparerImpl.java:159) ~[hibernate-core-4.2.5.Final.jar:4.2.5.Final]
	at org.hibernate.loader.Loader.prepareQueryStatement(Loader.java:1859) ~[hibernate-core-4.2.5.Final.jar:4.2.5.Final]
	at org.hibernate.loader.Loader.executeQueryStatement(Loader.java:1836) ~[hibernate-core-4.2.5.Final.jar:4.2.5.Final]
	at org.hibernate.loader.Loader.executeQueryStatement(Loader.java:1816) ~[hibernate-core-4.2.5.Final.jar:4.2.5.Final]
	at org.hibernate.loader.Loader.doQuery(Loader.java:900) ~[hibernate-core-4.2.5.Final.jar:4.2.5.Final]
	at org.hibernate.loader.Loader.doQueryAndInitializeNonLazyCollections(Loader.java:342) ~[hibernate-core-4.2.5.Final.jar:4.2.5.Final]
	at org.hibernate.loader.Loader.doList(Loader.java:2526) ~[hibernate-core-4.2.5.Final.jar:4.2.5.Final]
	at org.hibernate.loader.Loader.doList(Loader.java:2512) ~[hibernate-core-4.2.5.Final.jar:4.2.5.Final]
	at org.hibernate.loader.Loader.listIgnoreQueryCache(Loader.java:2342) ~[hibernate-core-4.2.5.Final.jar:4.2.5.Final]
	at org.hibernate.loader.Loader.list(Loader.java:2337) ~[hibernate-core-4.2.5.Final.jar:4.2.5.Final]
	at org.hibernate.loader.hql.QueryLoader.list(QueryLoader.java:495) ~[hibernate-core-4.2.5.Final.jar:4.2.5.Final]
	at org.hibernate.hql.internal.ast.QueryTranslatorImpl.list(QueryTranslatorImpl.java:356) ~[hibernate-core-4.2.5.Final.jar:4.2.5.Final]
	at org.hibernate.engine.query.spi.HQLQueryPlan.performList(HQLQueryPlan.java:195) ~[hibernate-core-4.2.5.Final.jar:4.2.5.Final]
	at org.hibernate.internal.SessionImpl.list(SessionImpl.java:1269) ~[hibernate-core-4.2.5.Final.jar:4.2.5.Final]
	at org.hibernate.internal.QueryImpl.list(QueryImpl.java:101) ~[hibernate-core-4.2.5.Final.jar:4.2.5.Final]
	at org.hibernate.ejb.QueryImpl.getResultList(QueryImpl.java:268) ~[hibernate-entitymanager-4.2.5.Final.jar:4.2.5.Final]
	at org.hibernate.ejb.criteria.CriteriaQueryCompiler$3.getResultList(CriteriaQueryCompiler.java:254) ~[hibernate-entitymanager-4.2.5.Final.jar:4.2.5.Final]
	at org.springframework.data.jpa.repository.support.SimpleJpaRepository.findAll(SimpleJpaRepository.java:251) ~[spring-data-jpa-1.4.1.RELEASE.jar:na]
	at sun.reflect.NativeMethodAccessorImpl.invoke0(Native Method) ~[na:1.6.0_10-rc2]
	at sun.reflect.NativeMethodAccessorImpl.invoke(NativeMethodAccessorImpl.java:39) ~[na:1.6.0_10-rc2]
	at sun.reflect.DelegatingMethodAccessorImpl.invoke(DelegatingMethodAccessorImpl.java:25) ~[na:1.6.0_10-rc2]
	at java.lang.reflect.Method.invoke(Method.java:597) ~[na:1.6.0_10-rc2]
	at org.springframework.data.repository.core.support.RepositoryFactorySupport$QueryExecutorMethodInterceptor.executeMethodOn(RepositoryFactorySupport.java:344) ~[spring-data-commons-1.6.1.RELEASE.jar:na]
	at org.springframework.data.repository.core.support.RepositoryFactorySupport$QueryExecutorMethodInterceptor.invoke(RepositoryFactorySupport.java:329) ~[spring-data-commons-1.6.1.RELEASE.jar:na]
	at org.springframework.aop.framework.ReflectiveMethodInvocation.proceed(ReflectiveMethodInvocation.java:172) ~[spring-aop-3.2.4.RELEASE.jar:3.2.4.RELEASE]
	at org.springframework.transaction.interceptor.TransactionInterceptor$1.proceedWithInvocation(TransactionInterceptor.java:96) ~[spring-tx-3.2.4.RELEASE.jar:3.2.4.RELEASE]
	at org.springframework.transaction.interceptor.TransactionAspectSupport.invokeWithinTransaction(TransactionAspectSupport.java:260) ~[spring-tx-3.2.4.RELEASE.jar:3.2.4.RELEASE]
	at org.springframework.transaction.interceptor.TransactionInterceptor.invoke(TransactionInterceptor.java:94) ~[spring-tx-3.2.4.RELEASE.jar:3.2.4.RELEASE]
	at org.springframework.aop.framework.ReflectiveMethodInvocation.proceed(ReflectiveMethodInvocation.java:172) ~[spring-aop-3.2.4.RELEASE.jar:3.2.4.RELEASE]
	at org.springframework.dao.support.PersistenceExceptionTranslationInterceptor.invoke(PersistenceExceptionTranslationInterceptor.java:155) ~[spring-tx-3.2.4.RELEASE.jar:3.2.4.RELEASE]
	... 85 common frames omitted
Caused by: org.h2.jdbc.JdbcSQLException: Column "RECIPE0_.CREATE_DATE" not found; SQL statement:
select recipe0_.id as id1_0_, recipe0_.create_date as create_d2_0_, recipe0_.last_modify_date as last_mod3_0_, recipe0_.name as name4_0_, recipe0_.user_id as user_id5_0_ from tbl_recipe recipe0_ [42122-173]
	at org.h2.message.DbException.getJdbcSQLException(DbException.java:331) ~[h2-1.3.173.jar:1.3.173]
	at org.h2.message.DbException.get(DbException.java:171) ~[h2-1.3.173.jar:1.3.173]
	at org.h2.message.DbException.get(DbException.java:148) ~[h2-1.3.173.jar:1.3.173]
	at org.h2.expression.ExpressionColumn.optimize(ExpressionColumn.java:144) ~[h2-1.3.173.jar:1.3.173]
	at org.h2.expression.Alias.optimize(Alias.java:52) ~[h2-1.3.173.jar:1.3.173]
	at org.h2.command.dml.Select.prepare(Select.java:808) ~[h2-1.3.173.jar:1.3.173]
	at org.h2.command.Parser.prepareCommand(Parser.java:219) ~[h2-1.3.173.jar:1.3.173]
	at org.h2.engine.Session.prepareLocal(Session.java:428) ~[h2-1.3.173.jar:1.3.173]
	at org.h2.engine.Session.prepareCommand(Session.java:377) ~[h2-1.3.173.jar:1.3.173]
	at org.h2.jdbc.JdbcConnection.prepareCommand(JdbcConnection.java:1138) ~[h2-1.3.173.jar:1.3.173]
	at org.h2.jdbc.JdbcPreparedStatement.<init>(JdbcPreparedStatement.java:70) ~[h2-1.3.173.jar:1.3.173]
	at org.h2.jdbc.JdbcConnection.prepareStatement(JdbcConnection.java:267) ~[h2-1.3.173.jar:1.3.173]
	at sun.reflect.NativeMethodAccessorImpl.invoke0(Native Method) ~[na:1.6.0_10-rc2]
	at sun.reflect.NativeMethodAccessorImpl.invoke(NativeMethodAccessorImpl.java:39) ~[na:1.6.0_10-rc2]
	at sun.reflect.DelegatingMethodAccessorImpl.invoke(DelegatingMethodAccessorImpl.java:25) ~[na:1.6.0_10-rc2]
	at java.lang.reflect.Method.invoke(Method.java:597) ~[na:1.6.0_10-rc2]
	at org.apache.tomcat.jdbc.pool.ProxyConnection.invoke(ProxyConnection.java:126) ~[tomcat-jdbc-7.0.42.jar:na]
	at org.apache.tomcat.jdbc.pool.JdbcInterceptor.invoke(JdbcInterceptor.java:109) ~[tomcat-jdbc-7.0.42.jar:na]
	at org.apache.tomcat.jdbc.pool.DisposableConnectionFacade.invoke(DisposableConnectionFacade.java:80) ~[tomcat-jdbc-7.0.42.jar:na]
	at $Proxy26.prepareStatement(Unknown Source) ~[na:na]
	at org.hibernate.engine.jdbc.internal.StatementPreparerImpl$5.doPrepare(StatementPreparerImpl.java:161) ~[hibernate-core-4.2.5.Final.jar:4.2.5.Final]
	at org.hibernate.engine.jdbc.internal.StatementPreparerImpl$StatementPreparationTemplate.prepareStatement(StatementPreparerImpl.java:182) ~[hibernate-core-4.2.5.Final.jar:4.2.5.Final]
	... 115 common frames omitted
16:52:51.437 [qtp33503578-33] WARN  c.ilongfei.rest.RecipeRestController - 任务不存在(id:1)
17:01:07.281 [qtp26426732-32] ERROR 500.jsp - null
java.lang.NullPointerException: null
	at org.apache.jsp.tag.web.pagination_tag.doTag(pagination_tag.java from :97) ~[na:na]
	at org.apache.jsp.WEB_002dINF.views.recipe.recipeList_jsp._jspx_meth_tags_pagination_0(recipeList_jsp.java from :257) ~[na:na]
	at org.apache.jsp.WEB_002dINF.views.recipe.recipeList_jsp._jspService(recipeList_jsp.java from :109) ~[na:na]
	at org.apache.jasper.runtime.HttpJspBase.service(HttpJspBase.java:109) ~[org.apache.jasper.glassfish-2.1.0.v201110031002.jar:na]
	at javax.servlet.http.HttpServlet.service(HttpServlet.java:820) ~[javax.servlet-2.5.0.v201103041518.jar:na]
	at org.apache.jasper.servlet.JspServletWrapper.service(JspServletWrapper.java:403) ~[org.apache.jasper.glassfish-2.1.0.v201110031002.jar:na]
	at org.apache.jasper.servlet.JspServlet.serviceJspFile(JspServlet.java:476) ~[org.apache.jasper.glassfish-2.1.0.v201110031002.jar:na]
	at org.apache.jasper.servlet.JspServlet.service(JspServlet.java:366) ~[org.apache.jasper.glassfish-2.1.0.v201110031002.jar:na]
	at javax.servlet.http.HttpServlet.service(HttpServlet.java:820) ~[javax.servlet-2.5.0.v201103041518.jar:na]
	at org.eclipse.jetty.servlet.ServletHolder.handle(ServletHolder.java:654) ~[jetty-servlet-7.6.12.v20130726.jar:7.6.12.v20130726]
	at org.eclipse.jetty.servlet.ServletHandler.doHandle(ServletHandler.java:445) [jetty-servlet-7.6.12.v20130726.jar:7.6.12.v20130726]
	at org.eclipse.jetty.server.handler.ScopedHandler.handle(ScopedHandler.java:137) [jetty-server-7.6.12.v20130726.jar:7.6.12.v20130726]
	at org.eclipse.jetty.security.SecurityHandler.handle(SecurityHandler.java:574) [jetty-security-7.6.12.v20130726.jar:7.6.12.v20130726]
	at org.eclipse.jetty.server.session.SessionHandler.doHandle(SessionHandler.java:227) [jetty-server-7.6.12.v20130726.jar:7.6.12.v20130726]
	at org.eclipse.jetty.server.handler.ContextHandler.doHandle(ContextHandler.java:1044) [jetty-server-7.6.12.v20130726.jar:7.6.12.v20130726]
	at org.eclipse.jetty.servlet.ServletHandler.doScope(ServletHandler.java:372) [jetty-servlet-7.6.12.v20130726.jar:7.6.12.v20130726]
	at org.eclipse.jetty.server.session.SessionHandler.doScope(SessionHandler.java:189) [jetty-server-7.6.12.v20130726.jar:7.6.12.v20130726]
	at org.eclipse.jetty.server.handler.ContextHandler.doScope(ContextHandler.java:978) [jetty-server-7.6.12.v20130726.jar:7.6.12.v20130726]
	at org.eclipse.jetty.server.handler.ScopedHandler.handle(ScopedHandler.java:135) [jetty-server-7.6.12.v20130726.jar:7.6.12.v20130726]
	at org.eclipse.jetty.server.Dispatcher.forward(Dispatcher.java:293) ~[jetty-server-7.6.12.v20130726.jar:7.6.12.v20130726]
	at org.eclipse.jetty.server.Dispatcher.forward(Dispatcher.java:120) ~[jetty-server-7.6.12.v20130726.jar:7.6.12.v20130726]
	at org.springframework.web.servlet.view.InternalResourceView.renderMergedOutputModel(InternalResourceView.java:238) ~[spring-webmvc-3.2.4.RELEASE.jar:3.2.4.RELEASE]
	at org.springframework.web.servlet.view.AbstractView.render(AbstractView.java:263) ~[spring-webmvc-3.2.4.RELEASE.jar:3.2.4.RELEASE]
	at org.springframework.web.servlet.DispatcherServlet.render(DispatcherServlet.java:1208) ~[spring-webmvc-3.2.4.RELEASE.jar:3.2.4.RELEASE]
	at org.springframework.web.servlet.DispatcherServlet.processDispatchResult(DispatcherServlet.java:992) ~[spring-webmvc-3.2.4.RELEASE.jar:3.2.4.RELEASE]
	at org.springframework.web.servlet.DispatcherServlet.doDispatch(DispatcherServlet.java:939) ~[spring-webmvc-3.2.4.RELEASE.jar:3.2.4.RELEASE]
	at org.springframework.web.servlet.DispatcherServlet.doService(DispatcherServlet.java:856) ~[spring-webmvc-3.2.4.RELEASE.jar:3.2.4.RELEASE]
	at org.springframework.web.servlet.FrameworkServlet.processRequest(FrameworkServlet.java:936) ~[spring-webmvc-3.2.4.RELEASE.jar:3.2.4.RELEASE]
	at org.springframework.web.servlet.FrameworkServlet.doGet(FrameworkServlet.java:827) ~[spring-webmvc-3.2.4.RELEASE.jar:3.2.4.RELEASE]
	at javax.servlet.http.HttpServlet.service(HttpServlet.java:707) ~[javax.servlet-2.5.0.v201103041518.jar:na]
	at org.springframework.web.servlet.FrameworkServlet.service(FrameworkServlet.java:812) ~[spring-webmvc-3.2.4.RELEASE.jar:3.2.4.RELEASE]
	at javax.servlet.http.HttpServlet.service(HttpServlet.java:820) ~[javax.servlet-2.5.0.v201103041518.jar:na]
	at org.eclipse.jetty.servlet.ServletHolder.handle(ServletHolder.java:654) ~[jetty-servlet-7.6.12.v20130726.jar:7.6.12.v20130726]
	at org.eclipse.jetty.servlet.ServletHandler$CachedChain.doFilter(ServletHandler.java:1320) ~[jetty-servlet-7.6.12.v20130726.jar:7.6.12.v20130726]
	at com.opensymphony.sitemesh.webapp.SiteMeshFilter.obtainContent(SiteMeshFilter.java:129) ~[sitemesh-2.4.2.jar:na]
	at com.opensymphony.sitemesh.webapp.SiteMeshFilter.doFilter(SiteMeshFilter.java:77) ~[sitemesh-2.4.2.jar:na]
	at org.eclipse.jetty.servlet.ServletHandler$CachedChain.doFilter(ServletHandler.java:1291) ~[jetty-servlet-7.6.12.v20130726.jar:7.6.12.v20130726]
	at org.apache.shiro.web.servlet.ProxiedFilterChain.doFilter(ProxiedFilterChain.java:61) ~[shiro-web-1.2.2.jar:1.2.2]
	at org.apache.shiro.web.servlet.AdviceFilter.executeChain(AdviceFilter.java:108) ~[shiro-web-1.2.2.jar:1.2.2]
	at org.apache.shiro.web.servlet.AdviceFilter.doFilterInternal(AdviceFilter.java:137) ~[shiro-web-1.2.2.jar:1.2.2]
	at org.apache.shiro.web.servlet.OncePerRequestFilter.doFilter(OncePerRequestFilter.java:125) ~[shiro-web-1.2.2.jar:1.2.2]
	at org.apache.shiro.web.servlet.ProxiedFilterChain.doFilter(ProxiedFilterChain.java:66) ~[shiro-web-1.2.2.jar:1.2.2]
	at org.apache.shiro.web.servlet.AbstractShiroFilter.executeChain(AbstractShiroFilter.java:449) ~[shiro-web-1.2.2.jar:1.2.2]
	at org.apache.shiro.web.servlet.AbstractShiroFilter$1.call(AbstractShiroFilter.java:365) ~[shiro-web-1.2.2.jar:1.2.2]
	at org.apache.shiro.subject.support.SubjectCallable.doCall(SubjectCallable.java:90) ~[shiro-core-1.2.2.jar:1.2.2]
	at org.apache.shiro.subject.support.SubjectCallable.call(SubjectCallable.java:83) ~[shiro-core-1.2.2.jar:1.2.2]
	at org.apache.shiro.subject.support.DelegatingSubject.execute(DelegatingSubject.java:383) ~[shiro-core-1.2.2.jar:1.2.2]
	at org.apache.shiro.web.servlet.AbstractShiroFilter.doFilterInternal(AbstractShiroFilter.java:362) ~[shiro-web-1.2.2.jar:1.2.2]
	at org.apache.shiro.web.servlet.OncePerRequestFilter.doFilter(OncePerRequestFilter.java:125) ~[shiro-web-1.2.2.jar:1.2.2]
	at org.springframework.web.filter.DelegatingFilterProxy.invokeDelegate(DelegatingFilterProxy.java:343) ~[spring-web-3.2.4.RELEASE.jar:3.2.4.RELEASE]
	at org.springframework.web.filter.DelegatingFilterProxy.doFilter(DelegatingFilterProxy.java:260) ~[spring-web-3.2.4.RELEASE.jar:3.2.4.RELEASE]
	at org.eclipse.jetty.servlet.ServletHandler$CachedChain.doFilter(ServletHandler.java:1291) ~[jetty-servlet-7.6.12.v20130726.jar:7.6.12.v20130726]
	at org.springframework.orm.jpa.support.OpenEntityManagerInViewFilter.doFilterInternal(OpenEntityManagerInViewFilter.java:180) ~[spring-orm-3.2.4.RELEASE.jar:3.2.4.RELEASE]
	at org.springframework.web.filter.OncePerRequestFilter.doFilter(OncePerRequestFilter.java:107) ~[spring-web-3.2.4.RELEASE.jar:3.2.4.RELEASE]
	at org.eclipse.jetty.servlet.ServletHandler$CachedChain.doFilter(ServletHandler.java:1291) ~[jetty-servlet-7.6.12.v20130726.jar:7.6.12.v20130726]
	at org.springframework.web.filter.CharacterEncodingFilter.doFilterInternal(CharacterEncodingFilter.java:88) ~[spring-web-3.2.4.RELEASE.jar:3.2.4.RELEASE]
	at org.springframework.web.filter.OncePerRequestFilter.doFilter(OncePerRequestFilter.java:107) ~[spring-web-3.2.4.RELEASE.jar:3.2.4.RELEASE]
	at org.eclipse.jetty.servlet.ServletHandler$CachedChain.doFilter(ServletHandler.java:1291) ~[jetty-servlet-7.6.12.v20130726.jar:7.6.12.v20130726]
	at org.eclipse.jetty.servlet.ServletHandler.doHandle(ServletHandler.java:443) [jetty-servlet-7.6.12.v20130726.jar:7.6.12.v20130726]
	at org.eclipse.jetty.server.handler.ScopedHandler.handle(ScopedHandler.java:137) [jetty-server-7.6.12.v20130726.jar:7.6.12.v20130726]
	at org.eclipse.jetty.security.SecurityHandler.handle(SecurityHandler.java:556) [jetty-security-7.6.12.v20130726.jar:7.6.12.v20130726]
	at org.eclipse.jetty.server.session.SessionHandler.doHandle(SessionHandler.java:227) [jetty-server-7.6.12.v20130726.jar:7.6.12.v20130726]
	at org.eclipse.jetty.server.handler.ContextHandler.doHandle(ContextHandler.java:1044) [jetty-server-7.6.12.v20130726.jar:7.6.12.v20130726]
	at org.eclipse.jetty.servlet.ServletHandler.doScope(ServletHandler.java:372) [jetty-servlet-7.6.12.v20130726.jar:7.6.12.v20130726]
	at org.eclipse.jetty.server.session.SessionHandler.doScope(SessionHandler.java:189) [jetty-server-7.6.12.v20130726.jar:7.6.12.v20130726]
	at org.eclipse.jetty.server.handler.ContextHandler.doScope(ContextHandler.java:978) [jetty-server-7.6.12.v20130726.jar:7.6.12.v20130726]
	at org.eclipse.jetty.server.handler.ScopedHandler.handle(ScopedHandler.java:135) [jetty-server-7.6.12.v20130726.jar:7.6.12.v20130726]
	at org.eclipse.jetty.server.handler.ContextHandlerCollection.handle(ContextHandlerCollection.java:255) [jetty-server-7.6.12.v20130726.jar:7.6.12.v20130726]
	at org.eclipse.jetty.server.handler.HandlerCollection.handle(HandlerCollection.java:154) [jetty-server-7.6.12.v20130726.jar:7.6.12.v20130726]
	at org.eclipse.jetty.server.handler.HandlerWrapper.handle(HandlerWrapper.java:116) [jetty-server-7.6.12.v20130726.jar:7.6.12.v20130726]
	at org.eclipse.jetty.server.Server.handle(Server.java:369) [jetty-server-7.6.12.v20130726.jar:7.6.12.v20130726]
	at org.eclipse.jetty.server.AbstractHttpConnection.handleRequest(AbstractHttpConnection.java:486) [jetty-server-7.6.12.v20130726.jar:7.6.12.v20130726]
	at org.eclipse.jetty.server.AbstractHttpConnection.headerComplete(AbstractHttpConnection.java:933) [jetty-server-7.6.12.v20130726.jar:7.6.12.v20130726]
	at org.eclipse.jetty.server.AbstractHttpConnection$RequestHandler.headerComplete(AbstractHttpConnection.java:995) [jetty-server-7.6.12.v20130726.jar:7.6.12.v20130726]
	at org.eclipse.jetty.http.HttpParser.parseNext(HttpParser.java:644) [jetty-http-7.6.12.v20130726.jar:7.6.12.v20130726]
	at org.eclipse.jetty.http.HttpParser.parseAvailable(HttpParser.java:235) [jetty-http-7.6.12.v20130726.jar:7.6.12.v20130726]
	at org.eclipse.jetty.server.AsyncHttpConnection.handle(AsyncHttpConnection.java:82) [jetty-server-7.6.12.v20130726.jar:7.6.12.v20130726]
	at org.eclipse.jetty.io.nio.SelectChannelEndPoint.handle(SelectChannelEndPoint.java:668) [jetty-io-7.6.12.v20130726.jar:7.6.12.v20130726]
	at org.eclipse.jetty.io.nio.SelectChannelEndPoint$1.run(SelectChannelEndPoint.java:52) [jetty-io-7.6.12.v20130726.jar:7.6.12.v20130726]
	at org.eclipse.jetty.util.thread.QueuedThreadPool.runJob(QueuedThreadPool.java:608) [jetty-util-7.6.12.v20130726.jar:7.6.12.v20130726]
	at org.eclipse.jetty.util.thread.QueuedThreadPool$3.run(QueuedThreadPool.java:543) [jetty-util-7.6.12.v20130726.jar:7.6.12.v20130726]
	at java.lang.Thread.run(Thread.java:619) [na:1.6.0_10-rc2]
17:13:42.062 [qtp29404618-26] WARN  o.h.e.jdbc.spi.SqlExceptionHelper - SQL Error: 42102, SQLState: 42S02
17:13:42.093 [qtp29404618-26] ERROR o.h.e.jdbc.spi.SqlExceptionHelper - Table "TBL_USER" not found; SQL statement:
select user0_.id as id1_2_, user0_.login_name as login_na2_2_, user0_.name as name3_2_, user0_.password as password4_2_, user0_.register_date as register5_2_, user0_.roles as roles6_2_, user0_.salt as salt7_2_ from tbl_user user0_ where user0_.login_name=? [42102-173]
17:13:50.031 [qtp29404618-22] WARN  o.h.e.jdbc.spi.SqlExceptionHelper - SQL Error: 42102, SQLState: 42S02
17:13:50.031 [qtp29404618-22] ERROR o.h.e.jdbc.spi.SqlExceptionHelper - Table "TBL_USER" not found; SQL statement:
select user0_.id as id1_2_, user0_.login_name as login_na2_2_, user0_.name as name3_2_, user0_.password as password4_2_, user0_.register_date as register5_2_, user0_.roles as roles6_2_, user0_.salt as salt7_2_ from tbl_user user0_ where user0_.login_name=? [42102-173]
17:15:19.281 [qtp9457525-22] WARN  o.h.e.jdbc.spi.SqlExceptionHelper - SQL Error: 42102, SQLState: 42S02
17:15:19.281 [qtp9457525-22] ERROR o.h.e.jdbc.spi.SqlExceptionHelper - Table "TBL_USER" not found; SQL statement:
select user0_.id as id1_2_, user0_.login_name as login_na2_2_, user0_.name as name3_2_, user0_.password as password4_2_, user0_.register_date as register5_2_, user0_.roles as roles6_2_, user0_.salt as salt7_2_ from tbl_user user0_ where user0_.login_name=? [42102-173]
17:16:08.015 [qtp9457525-28] WARN  o.h.e.jdbc.spi.SqlExceptionHelper - SQL Error: 42102, SQLState: 42S02
17:16:08.015 [qtp9457525-28] ERROR o.h.e.jdbc.spi.SqlExceptionHelper - Table "TBL_USER" not found; SQL statement:
select user0_.id as id1_2_, user0_.login_name as login_na2_2_, user0_.name as name3_2_, user0_.password as password4_2_, user0_.register_date as register5_2_, user0_.roles as roles6_2_, user0_.salt as salt7_2_ from tbl_user user0_ where user0_.login_name=? [42102-173]
