09:33:01.015 [qtp7795188-27] ERROR 500.jsp - null
java.lang.NullPointerException: null
	at org.apache.jsp.tag.web.pagination_tag.doTag(pagination_tag.java from :97) ~[na:na]
	at org.apache.jsp.WEB_002dINF.views.recipe.recipeList_jsp._jspx_meth_tags_pagination_0(recipeList_jsp.java from :257) ~[na:na]
	at org.apache.jsp.WEB_002dINF.views.recipe.recipeList_jsp._jspService(recipeList_jsp.java from :109) ~[na:na]
	at org.apache.jasper.runtime.HttpJspBase.service(HttpJspBase.java:109) ~[org.apache.jasper.glassfish-2.1.0.v201110031002.jar:na]
	at javax.servlet.http.HttpServlet.service(HttpServlet.java:820) ~[javax.servlet-2.5.0.v201103041518.jar:na]
	at org.apache.jasper.servlet.JspServletWrapper.service(JspServletWrapper.java:403) ~[org.apache.jasper.glassfish-2.1.0.v201110031002.jar:na]
	at org.apache.jasper.servlet.JspServlet.serviceJspFile(JspServlet.java:476) ~[org.apache.jasper.glassfish-2.1.0.v201110031002.jar:na]
	at org.apache.jasper.servlet.JspServlet.service(JspServlet.java:366) ~[org.apache.jasper.glassfish-2.1.0.v201110031002.jar:na]
	at javax.servlet.http.HttpServlet.service(HttpServlet.java:820) ~[javax.servlet-2.5.0.v201103041518.jar:na]
	at org.eclipse.jetty.servlet.ServletHolder.handle(ServletHolder.java:654) ~[jetty-servlet-7.6.12.v20130726.jar:7.6.12.v20130726]
	at org.eclipse.jetty.servlet.ServletHandler.doHandle(ServletHandler.java:445) [jetty-servlet-7.6.12.v20130726.jar:7.6.12.v20130726]
	at org.eclipse.jetty.server.handler.ScopedHandler.handle(ScopedHandler.java:137) [jetty-server-7.6.12.v20130726.jar:7.6.12.v20130726]
	at org.eclipse.jetty.security.SecurityHandler.handle(SecurityHandler.java:574) [jetty-security-7.6.12.v20130726.jar:7.6.12.v20130726]
	at org.eclipse.jetty.server.session.SessionHandler.doHandle(SessionHandler.java:227) [jetty-server-7.6.12.v20130726.jar:7.6.12.v20130726]
	at org.eclipse.jetty.server.handler.ContextHandler.doHandle(ContextHandler.java:1044) [jetty-server-7.6.12.v20130726.jar:7.6.12.v20130726]
	at org.eclipse.jetty.servlet.ServletHandler.doScope(ServletHandler.java:372) [jetty-servlet-7.6.12.v20130726.jar:7.6.12.v20130726]
	at org.eclipse.jetty.server.session.SessionHandler.doScope(SessionHandler.java:189) [jetty-server-7.6.12.v20130726.jar:7.6.12.v20130726]
	at org.eclipse.jetty.server.handler.ContextHandler.doScope(ContextHandler.java:978) [jetty-server-7.6.12.v20130726.jar:7.6.12.v20130726]
	at org.eclipse.jetty.server.handler.ScopedHandler.handle(ScopedHandler.java:135) [jetty-server-7.6.12.v20130726.jar:7.6.12.v20130726]
	at org.eclipse.jetty.server.Dispatcher.forward(Dispatcher.java:293) ~[jetty-server-7.6.12.v20130726.jar:7.6.12.v20130726]
	at org.eclipse.jetty.server.Dispatcher.forward(Dispatcher.java:120) ~[jetty-server-7.6.12.v20130726.jar:7.6.12.v20130726]
	at org.springframework.web.servlet.view.InternalResourceView.renderMergedOutputModel(InternalResourceView.java:238) ~[spring-webmvc-3.2.4.RELEASE.jar:3.2.4.RELEASE]
	at org.springframework.web.servlet.view.AbstractView.render(AbstractView.java:263) ~[spring-webmvc-3.2.4.RELEASE.jar:3.2.4.RELEASE]
	at org.springframework.web.servlet.DispatcherServlet.render(DispatcherServlet.java:1208) ~[spring-webmvc-3.2.4.RELEASE.jar:3.2.4.RELEASE]
	at org.springframework.web.servlet.DispatcherServlet.processDispatchResult(DispatcherServlet.java:992) ~[spring-webmvc-3.2.4.RELEASE.jar:3.2.4.RELEASE]
	at org.springframework.web.servlet.DispatcherServlet.doDispatch(DispatcherServlet.java:939) ~[spring-webmvc-3.2.4.RELEASE.jar:3.2.4.RELEASE]
	at org.springframework.web.servlet.DispatcherServlet.doService(DispatcherServlet.java:856) ~[spring-webmvc-3.2.4.RELEASE.jar:3.2.4.RELEASE]
	at org.springframework.web.servlet.FrameworkServlet.processRequest(FrameworkServlet.java:936) ~[spring-webmvc-3.2.4.RELEASE.jar:3.2.4.RELEASE]
	at org.springframework.web.servlet.FrameworkServlet.doGet(FrameworkServlet.java:827) ~[spring-webmvc-3.2.4.RELEASE.jar:3.2.4.RELEASE]
	at javax.servlet.http.HttpServlet.service(HttpServlet.java:707) ~[javax.servlet-2.5.0.v201103041518.jar:na]
	at org.springframework.web.servlet.FrameworkServlet.service(FrameworkServlet.java:812) ~[spring-webmvc-3.2.4.RELEASE.jar:3.2.4.RELEASE]
	at javax.servlet.http.HttpServlet.service(HttpServlet.java:820) ~[javax.servlet-2.5.0.v201103041518.jar:na]
	at org.eclipse.jetty.servlet.ServletHolder.handle(ServletHolder.java:654) ~[jetty-servlet-7.6.12.v20130726.jar:7.6.12.v20130726]
	at org.eclipse.jetty.servlet.ServletHandler$CachedChain.doFilter(ServletHandler.java:1320) ~[jetty-servlet-7.6.12.v20130726.jar:7.6.12.v20130726]
	at com.opensymphony.sitemesh.webapp.SiteMeshFilter.obtainContent(SiteMeshFilter.java:129) ~[sitemesh-2.4.2.jar:na]
	at com.opensymphony.sitemesh.webapp.SiteMeshFilter.doFilter(SiteMeshFilter.java:77) ~[sitemesh-2.4.2.jar:na]
	at org.eclipse.jetty.servlet.ServletHandler$CachedChain.doFilter(ServletHandler.java:1291) ~[jetty-servlet-7.6.12.v20130726.jar:7.6.12.v20130726]
	at org.apache.shiro.web.servlet.ProxiedFilterChain.doFilter(ProxiedFilterChain.java:61) ~[shiro-web-1.2.2.jar:1.2.2]
	at org.apache.shiro.web.servlet.AdviceFilter.executeChain(AdviceFilter.java:108) ~[shiro-web-1.2.2.jar:1.2.2]
	at org.apache.shiro.web.servlet.AdviceFilter.doFilterInternal(AdviceFilter.java:137) ~[shiro-web-1.2.2.jar:1.2.2]
	at org.apache.shiro.web.servlet.OncePerRequestFilter.doFilter(OncePerRequestFilter.java:125) ~[shiro-web-1.2.2.jar:1.2.2]
	at org.apache.shiro.web.servlet.ProxiedFilterChain.doFilter(ProxiedFilterChain.java:66) ~[shiro-web-1.2.2.jar:1.2.2]
	at org.apache.shiro.web.servlet.AbstractShiroFilter.executeChain(AbstractShiroFilter.java:449) ~[shiro-web-1.2.2.jar:1.2.2]
	at org.apache.shiro.web.servlet.AbstractShiroFilter$1.call(AbstractShiroFilter.java:365) ~[shiro-web-1.2.2.jar:1.2.2]
	at org.apache.shiro.subject.support.SubjectCallable.doCall(SubjectCallable.java:90) ~[shiro-core-1.2.2.jar:1.2.2]
	at org.apache.shiro.subject.support.SubjectCallable.call(SubjectCallable.java:83) ~[shiro-core-1.2.2.jar:1.2.2]
	at org.apache.shiro.subject.support.DelegatingSubject.execute(DelegatingSubject.java:383) ~[shiro-core-1.2.2.jar:1.2.2]
	at org.apache.shiro.web.servlet.AbstractShiroFilter.doFilterInternal(AbstractShiroFilter.java:362) ~[shiro-web-1.2.2.jar:1.2.2]
	at org.apache.shiro.web.servlet.OncePerRequestFilter.doFilter(OncePerRequestFilter.java:125) ~[shiro-web-1.2.2.jar:1.2.2]
	at org.springframework.web.filter.DelegatingFilterProxy.invokeDelegate(DelegatingFilterProxy.java:343) ~[spring-web-3.2.4.RELEASE.jar:3.2.4.RELEASE]
	at org.springframework.web.filter.DelegatingFilterProxy.doFilter(DelegatingFilterProxy.java:260) ~[spring-web-3.2.4.RELEASE.jar:3.2.4.RELEASE]
	at org.eclipse.jetty.servlet.ServletHandler$CachedChain.doFilter(ServletHandler.java:1291) ~[jetty-servlet-7.6.12.v20130726.jar:7.6.12.v20130726]
	at org.springframework.orm.jpa.support.OpenEntityManagerInViewFilter.doFilterInternal(OpenEntityManagerInViewFilter.java:180) ~[spring-orm-3.2.4.RELEASE.jar:3.2.4.RELEASE]
	at org.springframework.web.filter.OncePerRequestFilter.doFilter(OncePerRequestFilter.java:107) ~[spring-web-3.2.4.RELEASE.jar:3.2.4.RELEASE]
	at org.eclipse.jetty.servlet.ServletHandler$CachedChain.doFilter(ServletHandler.java:1291) ~[jetty-servlet-7.6.12.v20130726.jar:7.6.12.v20130726]
	at org.springframework.web.filter.CharacterEncodingFilter.doFilterInternal(CharacterEncodingFilter.java:88) ~[spring-web-3.2.4.RELEASE.jar:3.2.4.RELEASE]
	at org.springframework.web.filter.OncePerRequestFilter.doFilter(OncePerRequestFilter.java:107) ~[spring-web-3.2.4.RELEASE.jar:3.2.4.RELEASE]
	at org.eclipse.jetty.servlet.ServletHandler$CachedChain.doFilter(ServletHandler.java:1291) ~[jetty-servlet-7.6.12.v20130726.jar:7.6.12.v20130726]
	at org.eclipse.jetty.servlet.ServletHandler.doHandle(ServletHandler.java:443) [jetty-servlet-7.6.12.v20130726.jar:7.6.12.v20130726]
	at org.eclipse.jetty.server.handler.ScopedHandler.handle(ScopedHandler.java:137) [jetty-server-7.6.12.v20130726.jar:7.6.12.v20130726]
	at org.eclipse.jetty.security.SecurityHandler.handle(SecurityHandler.java:556) [jetty-security-7.6.12.v20130726.jar:7.6.12.v20130726]
	at org.eclipse.jetty.server.session.SessionHandler.doHandle(SessionHandler.java:227) [jetty-server-7.6.12.v20130726.jar:7.6.12.v20130726]
	at org.eclipse.jetty.server.handler.ContextHandler.doHandle(ContextHandler.java:1044) [jetty-server-7.6.12.v20130726.jar:7.6.12.v20130726]
	at org.eclipse.jetty.servlet.ServletHandler.doScope(ServletHandler.java:372) [jetty-servlet-7.6.12.v20130726.jar:7.6.12.v20130726]
	at org.eclipse.jetty.server.session.SessionHandler.doScope(SessionHandler.java:189) [jetty-server-7.6.12.v20130726.jar:7.6.12.v20130726]
	at org.eclipse.jetty.server.handler.ContextHandler.doScope(ContextHandler.java:978) [jetty-server-7.6.12.v20130726.jar:7.6.12.v20130726]
	at org.eclipse.jetty.server.handler.ScopedHandler.handle(ScopedHandler.java:135) [jetty-server-7.6.12.v20130726.jar:7.6.12.v20130726]
	at org.eclipse.jetty.server.handler.ContextHandlerCollection.handle(ContextHandlerCollection.java:255) [jetty-server-7.6.12.v20130726.jar:7.6.12.v20130726]
	at org.eclipse.jetty.server.handler.HandlerCollection.handle(HandlerCollection.java:154) [jetty-server-7.6.12.v20130726.jar:7.6.12.v20130726]
	at org.eclipse.jetty.server.handler.HandlerWrapper.handle(HandlerWrapper.java:116) [jetty-server-7.6.12.v20130726.jar:7.6.12.v20130726]
	at org.eclipse.jetty.server.Server.handle(Server.java:369) [jetty-server-7.6.12.v20130726.jar:7.6.12.v20130726]
	at org.eclipse.jetty.server.AbstractHttpConnection.handleRequest(AbstractHttpConnection.java:486) [jetty-server-7.6.12.v20130726.jar:7.6.12.v20130726]
	at org.eclipse.jetty.server.AbstractHttpConnection.headerComplete(AbstractHttpConnection.java:933) [jetty-server-7.6.12.v20130726.jar:7.6.12.v20130726]
	at org.eclipse.jetty.server.AbstractHttpConnection$RequestHandler.headerComplete(AbstractHttpConnection.java:995) [jetty-server-7.6.12.v20130726.jar:7.6.12.v20130726]
	at org.eclipse.jetty.http.HttpParser.parseNext(HttpParser.java:644) [jetty-http-7.6.12.v20130726.jar:7.6.12.v20130726]
	at org.eclipse.jetty.http.HttpParser.parseAvailable(HttpParser.java:235) [jetty-http-7.6.12.v20130726.jar:7.6.12.v20130726]
	at org.eclipse.jetty.server.AsyncHttpConnection.handle(AsyncHttpConnection.java:82) [jetty-server-7.6.12.v20130726.jar:7.6.12.v20130726]
	at org.eclipse.jetty.io.nio.SelectChannelEndPoint.handle(SelectChannelEndPoint.java:668) [jetty-io-7.6.12.v20130726.jar:7.6.12.v20130726]
	at org.eclipse.jetty.io.nio.SelectChannelEndPoint$1.run(SelectChannelEndPoint.java:52) [jetty-io-7.6.12.v20130726.jar:7.6.12.v20130726]
	at org.eclipse.jetty.util.thread.QueuedThreadPool.runJob(QueuedThreadPool.java:608) [jetty-util-7.6.12.v20130726.jar:7.6.12.v20130726]
	at org.eclipse.jetty.util.thread.QueuedThreadPool$3.run(QueuedThreadPool.java:543) [jetty-util-7.6.12.v20130726.jar:7.6.12.v20130726]
	at java.lang.Thread.run(Thread.java:619) [na:1.6.0_10-rc2]
09:34:13.828 [qtp7795188-26] ERROR 500.jsp - The class 'cn.ilongfei.entity.Recipe' does not have the property 'description'.
javax.el.PropertyNotFoundException: The class 'cn.ilongfei.entity.Recipe' does not have the property 'description'.
	at javax.el.BeanELResolver.getBeanProperty(BeanELResolver.java:579) ~[javax.el-2.1.0.v201105211819.jar:na]
	at javax.el.BeanELResolver.getValue(BeanELResolver.java:281) ~[javax.el-2.1.0.v201105211819.jar:na]
	at javax.el.CompositeELResolver.getValue(CompositeELResolver.java:175) ~[javax.el-2.1.0.v201105211819.jar:na]
	at com.sun.el.parser.AstValue.getValue(AstValue.java:138) ~[com.sun.el-1.0.0.v201105211818.jar:na]
	at com.sun.el.ValueExpressionImpl.getValue(ValueExpressionImpl.java:206) ~[com.sun.el-1.0.0.v201105211818.jar:na]
	at org.apache.jasper.runtime.PageContextImpl.evaluateExpression(PageContextImpl.java:1007) ~[org.apache.jasper.glassfish-2.1.0.v201110031002.jar:na]
	at org.apache.jsp.WEB_002dINF.views.recipe.recipeForm_jsp._jspService(recipeForm_jsp.java from :87) ~[na:na]
	at org.apache.jasper.runtime.HttpJspBase.service(HttpJspBase.java:109) ~[org.apache.jasper.glassfish-2.1.0.v201110031002.jar:na]
	at javax.servlet.http.HttpServlet.service(HttpServlet.java:820) ~[javax.servlet-2.5.0.v201103041518.jar:na]
	at org.apache.jasper.servlet.JspServletWrapper.service(JspServletWrapper.java:403) ~[org.apache.jasper.glassfish-2.1.0.v201110031002.jar:na]
	at org.apache.jasper.servlet.JspServlet.serviceJspFile(JspServlet.java:476) ~[org.apache.jasper.glassfish-2.1.0.v201110031002.jar:na]
	at org.apache.jasper.servlet.JspServlet.service(JspServlet.java:366) ~[org.apache.jasper.glassfish-2.1.0.v201110031002.jar:na]
	at javax.servlet.http.HttpServlet.service(HttpServlet.java:820) ~[javax.servlet-2.5.0.v201103041518.jar:na]
	at org.eclipse.jetty.servlet.ServletHolder.handle(ServletHolder.java:654) ~[jetty-servlet-7.6.12.v20130726.jar:7.6.12.v20130726]
	at org.eclipse.jetty.servlet.ServletHandler.doHandle(ServletHandler.java:445) [jetty-servlet-7.6.12.v20130726.jar:7.6.12.v20130726]
	at org.eclipse.jetty.server.handler.ScopedHandler.handle(ScopedHandler.java:137) [jetty-server-7.6.12.v20130726.jar:7.6.12.v20130726]
	at org.eclipse.jetty.security.SecurityHandler.handle(SecurityHandler.java:574) [jetty-security-7.6.12.v20130726.jar:7.6.12.v20130726]
	at org.eclipse.jetty.server.session.SessionHandler.doHandle(SessionHandler.java:227) [jetty-server-7.6.12.v20130726.jar:7.6.12.v20130726]
	at org.eclipse.jetty.server.handler.ContextHandler.doHandle(ContextHandler.java:1044) [jetty-server-7.6.12.v20130726.jar:7.6.12.v20130726]
	at org.eclipse.jetty.servlet.ServletHandler.doScope(ServletHandler.java:372) [jetty-servlet-7.6.12.v20130726.jar:7.6.12.v20130726]
	at org.eclipse.jetty.server.session.SessionHandler.doScope(SessionHandler.java:189) [jetty-server-7.6.12.v20130726.jar:7.6.12.v20130726]
	at org.eclipse.jetty.server.handler.ContextHandler.doScope(ContextHandler.java:978) [jetty-server-7.6.12.v20130726.jar:7.6.12.v20130726]
	at org.eclipse.jetty.server.handler.ScopedHandler.handle(ScopedHandler.java:135) [jetty-server-7.6.12.v20130726.jar:7.6.12.v20130726]
	at org.eclipse.jetty.server.Dispatcher.forward(Dispatcher.java:293) ~[jetty-server-7.6.12.v20130726.jar:7.6.12.v20130726]
	at org.eclipse.jetty.server.Dispatcher.forward(Dispatcher.java:120) ~[jetty-server-7.6.12.v20130726.jar:7.6.12.v20130726]
	at org.springframework.web.servlet.view.InternalResourceView.renderMergedOutputModel(InternalResourceView.java:238) ~[spring-webmvc-3.2.4.RELEASE.jar:3.2.4.RELEASE]
	at org.springframework.web.servlet.view.AbstractView.render(AbstractView.java:263) ~[spring-webmvc-3.2.4.RELEASE.jar:3.2.4.RELEASE]
	at org.springframework.web.servlet.DispatcherServlet.render(DispatcherServlet.java:1208) ~[spring-webmvc-3.2.4.RELEASE.jar:3.2.4.RELEASE]
	at org.springframework.web.servlet.DispatcherServlet.processDispatchResult(DispatcherServlet.java:992) ~[spring-webmvc-3.2.4.RELEASE.jar:3.2.4.RELEASE]
	at org.springframework.web.servlet.DispatcherServlet.doDispatch(DispatcherServlet.java:939) ~[spring-webmvc-3.2.4.RELEASE.jar:3.2.4.RELEASE]
	at org.springframework.web.servlet.DispatcherServlet.doService(DispatcherServlet.java:856) ~[spring-webmvc-3.2.4.RELEASE.jar:3.2.4.RELEASE]
	at org.springframework.web.servlet.FrameworkServlet.processRequest(FrameworkServlet.java:936) ~[spring-webmvc-3.2.4.RELEASE.jar:3.2.4.RELEASE]
	at org.springframework.web.servlet.FrameworkServlet.doGet(FrameworkServlet.java:827) ~[spring-webmvc-3.2.4.RELEASE.jar:3.2.4.RELEASE]
	at javax.servlet.http.HttpServlet.service(HttpServlet.java:707) ~[javax.servlet-2.5.0.v201103041518.jar:na]
	at org.springframework.web.servlet.FrameworkServlet.service(FrameworkServlet.java:812) ~[spring-webmvc-3.2.4.RELEASE.jar:3.2.4.RELEASE]
	at javax.servlet.http.HttpServlet.service(HttpServlet.java:820) ~[javax.servlet-2.5.0.v201103041518.jar:na]
	at org.eclipse.jetty.servlet.ServletHolder.handle(ServletHolder.java:654) ~[jetty-servlet-7.6.12.v20130726.jar:7.6.12.v20130726]
	at org.eclipse.jetty.servlet.ServletHandler$CachedChain.doFilter(ServletHandler.java:1320) ~[jetty-servlet-7.6.12.v20130726.jar:7.6.12.v20130726]
	at com.opensymphony.sitemesh.webapp.SiteMeshFilter.obtainContent(SiteMeshFilter.java:129) ~[sitemesh-2.4.2.jar:na]
	at com.opensymphony.sitemesh.webapp.SiteMeshFilter.doFilter(SiteMeshFilter.java:77) ~[sitemesh-2.4.2.jar:na]
	at org.eclipse.jetty.servlet.ServletHandler$CachedChain.doFilter(ServletHandler.java:1291) ~[jetty-servlet-7.6.12.v20130726.jar:7.6.12.v20130726]
	at org.apache.shiro.web.servlet.ProxiedFilterChain.doFilter(ProxiedFilterChain.java:61) ~[shiro-web-1.2.2.jar:1.2.2]
	at org.apache.shiro.web.servlet.AdviceFilter.executeChain(AdviceFilter.java:108) ~[shiro-web-1.2.2.jar:1.2.2]
	at org.apache.shiro.web.servlet.AdviceFilter.doFilterInternal(AdviceFilter.java:137) ~[shiro-web-1.2.2.jar:1.2.2]
	at org.apache.shiro.web.servlet.OncePerRequestFilter.doFilter(OncePerRequestFilter.java:125) ~[shiro-web-1.2.2.jar:1.2.2]
	at org.apache.shiro.web.servlet.ProxiedFilterChain.doFilter(ProxiedFilterChain.java:66) ~[shiro-web-1.2.2.jar:1.2.2]
	at org.apache.shiro.web.servlet.AbstractShiroFilter.executeChain(AbstractShiroFilter.java:449) ~[shiro-web-1.2.2.jar:1.2.2]
	at org.apache.shiro.web.servlet.AbstractShiroFilter$1.call(AbstractShiroFilter.java:365) ~[shiro-web-1.2.2.jar:1.2.2]
	at org.apache.shiro.subject.support.SubjectCallable.doCall(SubjectCallable.java:90) ~[shiro-core-1.2.2.jar:1.2.2]
	at org.apache.shiro.subject.support.SubjectCallable.call(SubjectCallable.java:83) ~[shiro-core-1.2.2.jar:1.2.2]
	at org.apache.shiro.subject.support.DelegatingSubject.execute(DelegatingSubject.java:383) ~[shiro-core-1.2.2.jar:1.2.2]
	at org.apache.shiro.web.servlet.AbstractShiroFilter.doFilterInternal(AbstractShiroFilter.java:362) ~[shiro-web-1.2.2.jar:1.2.2]
	at org.apache.shiro.web.servlet.OncePerRequestFilter.doFilter(OncePerRequestFilter.java:125) ~[shiro-web-1.2.2.jar:1.2.2]
	at org.springframework.web.filter.DelegatingFilterProxy.invokeDelegate(DelegatingFilterProxy.java:343) ~[spring-web-3.2.4.RELEASE.jar:3.2.4.RELEASE]
	at org.springframework.web.filter.DelegatingFilterProxy.doFilter(DelegatingFilterProxy.java:260) ~[spring-web-3.2.4.RELEASE.jar:3.2.4.RELEASE]
	at org.eclipse.jetty.servlet.ServletHandler$CachedChain.doFilter(ServletHandler.java:1291) ~[jetty-servlet-7.6.12.v20130726.jar:7.6.12.v20130726]
	at org.springframework.orm.jpa.support.OpenEntityManagerInViewFilter.doFilterInternal(OpenEntityManagerInViewFilter.java:180) ~[spring-orm-3.2.4.RELEASE.jar:3.2.4.RELEASE]
	at org.springframework.web.filter.OncePerRequestFilter.doFilter(OncePerRequestFilter.java:107) ~[spring-web-3.2.4.RELEASE.jar:3.2.4.RELEASE]
	at org.eclipse.jetty.servlet.ServletHandler$CachedChain.doFilter(ServletHandler.java:1291) ~[jetty-servlet-7.6.12.v20130726.jar:7.6.12.v20130726]
	at org.springframework.web.filter.CharacterEncodingFilter.doFilterInternal(CharacterEncodingFilter.java:88) ~[spring-web-3.2.4.RELEASE.jar:3.2.4.RELEASE]
	at org.springframework.web.filter.OncePerRequestFilter.doFilter(OncePerRequestFilter.java:107) ~[spring-web-3.2.4.RELEASE.jar:3.2.4.RELEASE]
	at org.eclipse.jetty.servlet.ServletHandler$CachedChain.doFilter(ServletHandler.java:1291) ~[jetty-servlet-7.6.12.v20130726.jar:7.6.12.v20130726]
	at org.eclipse.jetty.servlet.ServletHandler.doHandle(ServletHandler.java:443) [jetty-servlet-7.6.12.v20130726.jar:7.6.12.v20130726]
	at org.eclipse.jetty.server.handler.ScopedHandler.handle(ScopedHandler.java:137) [jetty-server-7.6.12.v20130726.jar:7.6.12.v20130726]
	at org.eclipse.jetty.security.SecurityHandler.handle(SecurityHandler.java:556) [jetty-security-7.6.12.v20130726.jar:7.6.12.v20130726]
	at org.eclipse.jetty.server.session.SessionHandler.doHandle(SessionHandler.java:227) [jetty-server-7.6.12.v20130726.jar:7.6.12.v20130726]
	at org.eclipse.jetty.server.handler.ContextHandler.doHandle(ContextHandler.java:1044) [jetty-server-7.6.12.v20130726.jar:7.6.12.v20130726]
	at org.eclipse.jetty.servlet.ServletHandler.doScope(ServletHandler.java:372) [jetty-servlet-7.6.12.v20130726.jar:7.6.12.v20130726]
	at org.eclipse.jetty.server.session.SessionHandler.doScope(SessionHandler.java:189) [jetty-server-7.6.12.v20130726.jar:7.6.12.v20130726]
	at org.eclipse.jetty.server.handler.ContextHandler.doScope(ContextHandler.java:978) [jetty-server-7.6.12.v20130726.jar:7.6.12.v20130726]
	at org.eclipse.jetty.server.handler.ScopedHandler.handle(ScopedHandler.java:135) [jetty-server-7.6.12.v20130726.jar:7.6.12.v20130726]
	at org.eclipse.jetty.server.handler.ContextHandlerCollection.handle(ContextHandlerCollection.java:255) [jetty-server-7.6.12.v20130726.jar:7.6.12.v20130726]
	at org.eclipse.jetty.server.handler.HandlerCollection.handle(HandlerCollection.java:154) [jetty-server-7.6.12.v20130726.jar:7.6.12.v20130726]
	at org.eclipse.jetty.server.handler.HandlerWrapper.handle(HandlerWrapper.java:116) [jetty-server-7.6.12.v20130726.jar:7.6.12.v20130726]
	at org.eclipse.jetty.server.Server.handle(Server.java:369) [jetty-server-7.6.12.v20130726.jar:7.6.12.v20130726]
	at org.eclipse.jetty.server.AbstractHttpConnection.handleRequest(AbstractHttpConnection.java:486) [jetty-server-7.6.12.v20130726.jar:7.6.12.v20130726]
	at org.eclipse.jetty.server.AbstractHttpConnection.headerComplete(AbstractHttpConnection.java:933) [jetty-server-7.6.12.v20130726.jar:7.6.12.v20130726]
	at org.eclipse.jetty.server.AbstractHttpConnection$RequestHandler.headerComplete(AbstractHttpConnection.java:995) [jetty-server-7.6.12.v20130726.jar:7.6.12.v20130726]
	at org.eclipse.jetty.http.HttpParser.parseNext(HttpParser.java:644) [jetty-http-7.6.12.v20130726.jar:7.6.12.v20130726]
	at org.eclipse.jetty.http.HttpParser.parseAvailable(HttpParser.java:235) [jetty-http-7.6.12.v20130726.jar:7.6.12.v20130726]
	at org.eclipse.jetty.server.AsyncHttpConnection.handle(AsyncHttpConnection.java:82) [jetty-server-7.6.12.v20130726.jar:7.6.12.v20130726]
	at org.eclipse.jetty.io.nio.SelectChannelEndPoint.handle(SelectChannelEndPoint.java:668) [jetty-io-7.6.12.v20130726.jar:7.6.12.v20130726]
	at org.eclipse.jetty.io.nio.SelectChannelEndPoint$1.run(SelectChannelEndPoint.java:52) [jetty-io-7.6.12.v20130726.jar:7.6.12.v20130726]
	at org.eclipse.jetty.util.thread.QueuedThreadPool.runJob(QueuedThreadPool.java:608) [jetty-util-7.6.12.v20130726.jar:7.6.12.v20130726]
	at org.eclipse.jetty.util.thread.QueuedThreadPool$3.run(QueuedThreadPool.java:543) [jetty-util-7.6.12.v20130726.jar:7.6.12.v20130726]
	at java.lang.Thread.run(Thread.java:619) [na:1.6.0_10-rc2]
09:34:19.625 [qtp7795188-22] ERROR 500.jsp - The class 'cn.ilongfei.entity.Recipe' does not have the property 'description'.
javax.el.PropertyNotFoundException: The class 'cn.ilongfei.entity.Recipe' does not have the property 'description'.
	at javax.el.BeanELResolver.getBeanProperty(BeanELResolver.java:579) ~[javax.el-2.1.0.v201105211819.jar:na]
	at javax.el.BeanELResolver.getValue(BeanELResolver.java:281) ~[javax.el-2.1.0.v201105211819.jar:na]
	at javax.el.CompositeELResolver.getValue(CompositeELResolver.java:175) ~[javax.el-2.1.0.v201105211819.jar:na]
	at com.sun.el.parser.AstValue.getValue(AstValue.java:138) ~[com.sun.el-1.0.0.v201105211818.jar:na]
	at com.sun.el.ValueExpressionImpl.getValue(ValueExpressionImpl.java:206) ~[com.sun.el-1.0.0.v201105211818.jar:na]
	at org.apache.jasper.runtime.PageContextImpl.evaluateExpression(PageContextImpl.java:1007) ~[org.apache.jasper.glassfish-2.1.0.v201110031002.jar:na]
	at org.apache.jsp.WEB_002dINF.views.recipe.recipeForm_jsp._jspService(recipeForm_jsp.java from :87) ~[na:na]
	at org.apache.jasper.runtime.HttpJspBase.service(HttpJspBase.java:109) ~[org.apache.jasper.glassfish-2.1.0.v201110031002.jar:na]
	at javax.servlet.http.HttpServlet.service(HttpServlet.java:820) ~[javax.servlet-2.5.0.v201103041518.jar:na]
	at org.apache.jasper.servlet.JspServletWrapper.service(JspServletWrapper.java:403) ~[org.apache.jasper.glassfish-2.1.0.v201110031002.jar:na]
	at org.apache.jasper.servlet.JspServlet.serviceJspFile(JspServlet.java:476) ~[org.apache.jasper.glassfish-2.1.0.v201110031002.jar:na]
	at org.apache.jasper.servlet.JspServlet.service(JspServlet.java:366) ~[org.apache.jasper.glassfish-2.1.0.v201110031002.jar:na]
	at javax.servlet.http.HttpServlet.service(HttpServlet.java:820) ~[javax.servlet-2.5.0.v201103041518.jar:na]
	at org.eclipse.jetty.servlet.ServletHolder.handle(ServletHolder.java:654) ~[jetty-servlet-7.6.12.v20130726.jar:7.6.12.v20130726]
	at org.eclipse.jetty.servlet.ServletHandler.doHandle(ServletHandler.java:445) [jetty-servlet-7.6.12.v20130726.jar:7.6.12.v20130726]
	at org.eclipse.jetty.server.handler.ScopedHandler.handle(ScopedHandler.java:137) [jetty-server-7.6.12.v20130726.jar:7.6.12.v20130726]
	at org.eclipse.jetty.security.SecurityHandler.handle(SecurityHandler.java:574) [jetty-security-7.6.12.v20130726.jar:7.6.12.v20130726]
	at org.eclipse.jetty.server.session.SessionHandler.doHandle(SessionHandler.java:227) [jetty-server-7.6.12.v20130726.jar:7.6.12.v20130726]
	at org.eclipse.jetty.server.handler.ContextHandler.doHandle(ContextHandler.java:1044) [jetty-server-7.6.12.v20130726.jar:7.6.12.v20130726]
	at org.eclipse.jetty.servlet.ServletHandler.doScope(ServletHandler.java:372) [jetty-servlet-7.6.12.v20130726.jar:7.6.12.v20130726]
	at org.eclipse.jetty.server.session.SessionHandler.doScope(SessionHandler.java:189) [jetty-server-7.6.12.v20130726.jar:7.6.12.v20130726]
	at org.eclipse.jetty.server.handler.ContextHandler.doScope(ContextHandler.java:978) [jetty-server-7.6.12.v20130726.jar:7.6.12.v20130726]
	at org.eclipse.jetty.server.handler.ScopedHandler.handle(ScopedHandler.java:135) [jetty-server-7.6.12.v20130726.jar:7.6.12.v20130726]
	at org.eclipse.jetty.server.Dispatcher.forward(Dispatcher.java:293) ~[jetty-server-7.6.12.v20130726.jar:7.6.12.v20130726]
	at org.eclipse.jetty.server.Dispatcher.forward(Dispatcher.java:120) ~[jetty-server-7.6.12.v20130726.jar:7.6.12.v20130726]
	at org.springframework.web.servlet.view.InternalResourceView.renderMergedOutputModel(InternalResourceView.java:238) ~[spring-webmvc-3.2.4.RELEASE.jar:3.2.4.RELEASE]
	at org.springframework.web.servlet.view.AbstractView.render(AbstractView.java:263) ~[spring-webmvc-3.2.4.RELEASE.jar:3.2.4.RELEASE]
	at org.springframework.web.servlet.DispatcherServlet.render(DispatcherServlet.java:1208) ~[spring-webmvc-3.2.4.RELEASE.jar:3.2.4.RELEASE]
	at org.springframework.web.servlet.DispatcherServlet.processDispatchResult(DispatcherServlet.java:992) ~[spring-webmvc-3.2.4.RELEASE.jar:3.2.4.RELEASE]
	at org.springframework.web.servlet.DispatcherServlet.doDispatch(DispatcherServlet.java:939) ~[spring-webmvc-3.2.4.RELEASE.jar:3.2.4.RELEASE]
	at org.springframework.web.servlet.DispatcherServlet.doService(DispatcherServlet.java:856) ~[spring-webmvc-3.2.4.RELEASE.jar:3.2.4.RELEASE]
	at org.springframework.web.servlet.FrameworkServlet.processRequest(FrameworkServlet.java:936) ~[spring-webmvc-3.2.4.RELEASE.jar:3.2.4.RELEASE]
	at org.springframework.web.servlet.FrameworkServlet.doGet(FrameworkServlet.java:827) ~[spring-webmvc-3.2.4.RELEASE.jar:3.2.4.RELEASE]
	at javax.servlet.http.HttpServlet.service(HttpServlet.java:707) ~[javax.servlet-2.5.0.v201103041518.jar:na]
	at org.springframework.web.servlet.FrameworkServlet.service(FrameworkServlet.java:812) ~[spring-webmvc-3.2.4.RELEASE.jar:3.2.4.RELEASE]
	at javax.servlet.http.HttpServlet.service(HttpServlet.java:820) ~[javax.servlet-2.5.0.v201103041518.jar:na]
	at org.eclipse.jetty.servlet.ServletHolder.handle(ServletHolder.java:654) ~[jetty-servlet-7.6.12.v20130726.jar:7.6.12.v20130726]
	at org.eclipse.jetty.servlet.ServletHandler$CachedChain.doFilter(ServletHandler.java:1320) ~[jetty-servlet-7.6.12.v20130726.jar:7.6.12.v20130726]
	at com.opensymphony.sitemesh.webapp.SiteMeshFilter.obtainContent(SiteMeshFilter.java:129) ~[sitemesh-2.4.2.jar:na]
	at com.opensymphony.sitemesh.webapp.SiteMeshFilter.doFilter(SiteMeshFilter.java:77) ~[sitemesh-2.4.2.jar:na]
	at org.eclipse.jetty.servlet.ServletHandler$CachedChain.doFilter(ServletHandler.java:1291) ~[jetty-servlet-7.6.12.v20130726.jar:7.6.12.v20130726]
	at org.apache.shiro.web.servlet.ProxiedFilterChain.doFilter(ProxiedFilterChain.java:61) ~[shiro-web-1.2.2.jar:1.2.2]
	at org.apache.shiro.web.servlet.AdviceFilter.executeChain(AdviceFilter.java:108) ~[shiro-web-1.2.2.jar:1.2.2]
	at org.apache.shiro.web.servlet.AdviceFilter.doFilterInternal(AdviceFilter.java:137) ~[shiro-web-1.2.2.jar:1.2.2]
	at org.apache.shiro.web.servlet.OncePerRequestFilter.doFilter(OncePerRequestFilter.java:125) ~[shiro-web-1.2.2.jar:1.2.2]
	at org.apache.shiro.web.servlet.ProxiedFilterChain.doFilter(ProxiedFilterChain.java:66) ~[shiro-web-1.2.2.jar:1.2.2]
	at org.apache.shiro.web.servlet.AbstractShiroFilter.executeChain(AbstractShiroFilter.java:449) ~[shiro-web-1.2.2.jar:1.2.2]
	at org.apache.shiro.web.servlet.AbstractShiroFilter$1.call(AbstractShiroFilter.java:365) ~[shiro-web-1.2.2.jar:1.2.2]
	at org.apache.shiro.subject.support.SubjectCallable.doCall(SubjectCallable.java:90) ~[shiro-core-1.2.2.jar:1.2.2]
	at org.apache.shiro.subject.support.SubjectCallable.call(SubjectCallable.java:83) ~[shiro-core-1.2.2.jar:1.2.2]
	at org.apache.shiro.subject.support.DelegatingSubject.execute(DelegatingSubject.java:383) ~[shiro-core-1.2.2.jar:1.2.2]
	at org.apache.shiro.web.servlet.AbstractShiroFilter.doFilterInternal(AbstractShiroFilter.java:362) ~[shiro-web-1.2.2.jar:1.2.2]
	at org.apache.shiro.web.servlet.OncePerRequestFilter.doFilter(OncePerRequestFilter.java:125) ~[shiro-web-1.2.2.jar:1.2.2]
	at org.springframework.web.filter.DelegatingFilterProxy.invokeDelegate(DelegatingFilterProxy.java:343) ~[spring-web-3.2.4.RELEASE.jar:3.2.4.RELEASE]
	at org.springframework.web.filter.DelegatingFilterProxy.doFilter(DelegatingFilterProxy.java:260) ~[spring-web-3.2.4.RELEASE.jar:3.2.4.RELEASE]
	at org.eclipse.jetty.servlet.ServletHandler$CachedChain.doFilter(ServletHandler.java:1291) ~[jetty-servlet-7.6.12.v20130726.jar:7.6.12.v20130726]
	at org.springframework.orm.jpa.support.OpenEntityManagerInViewFilter.doFilterInternal(OpenEntityManagerInViewFilter.java:180) ~[spring-orm-3.2.4.RELEASE.jar:3.2.4.RELEASE]
	at org.springframework.web.filter.OncePerRequestFilter.doFilter(OncePerRequestFilter.java:107) ~[spring-web-3.2.4.RELEASE.jar:3.2.4.RELEASE]
	at org.eclipse.jetty.servlet.ServletHandler$CachedChain.doFilter(ServletHandler.java:1291) ~[jetty-servlet-7.6.12.v20130726.jar:7.6.12.v20130726]
	at org.springframework.web.filter.CharacterEncodingFilter.doFilterInternal(CharacterEncodingFilter.java:88) ~[spring-web-3.2.4.RELEASE.jar:3.2.4.RELEASE]
	at org.springframework.web.filter.OncePerRequestFilter.doFilter(OncePerRequestFilter.java:107) ~[spring-web-3.2.4.RELEASE.jar:3.2.4.RELEASE]
	at org.eclipse.jetty.servlet.ServletHandler$CachedChain.doFilter(ServletHandler.java:1291) ~[jetty-servlet-7.6.12.v20130726.jar:7.6.12.v20130726]
	at org.eclipse.jetty.servlet.ServletHandler.doHandle(ServletHandler.java:443) [jetty-servlet-7.6.12.v20130726.jar:7.6.12.v20130726]
	at org.eclipse.jetty.server.handler.ScopedHandler.handle(ScopedHandler.java:137) [jetty-server-7.6.12.v20130726.jar:7.6.12.v20130726]
	at org.eclipse.jetty.security.SecurityHandler.handle(SecurityHandler.java:556) [jetty-security-7.6.12.v20130726.jar:7.6.12.v20130726]
	at org.eclipse.jetty.server.session.SessionHandler.doHandle(SessionHandler.java:227) [jetty-server-7.6.12.v20130726.jar:7.6.12.v20130726]
	at org.eclipse.jetty.server.handler.ContextHandler.doHandle(ContextHandler.java:1044) [jetty-server-7.6.12.v20130726.jar:7.6.12.v20130726]
	at org.eclipse.jetty.servlet.ServletHandler.doScope(ServletHandler.java:372) [jetty-servlet-7.6.12.v20130726.jar:7.6.12.v20130726]
	at org.eclipse.jetty.server.session.SessionHandler.doScope(SessionHandler.java:189) [jetty-server-7.6.12.v20130726.jar:7.6.12.v20130726]
	at org.eclipse.jetty.server.handler.ContextHandler.doScope(ContextHandler.java:978) [jetty-server-7.6.12.v20130726.jar:7.6.12.v20130726]
	at org.eclipse.jetty.server.handler.ScopedHandler.handle(ScopedHandler.java:135) [jetty-server-7.6.12.v20130726.jar:7.6.12.v20130726]
	at org.eclipse.jetty.server.handler.ContextHandlerCollection.handle(ContextHandlerCollection.java:255) [jetty-server-7.6.12.v20130726.jar:7.6.12.v20130726]
	at org.eclipse.jetty.server.handler.HandlerCollection.handle(HandlerCollection.java:154) [jetty-server-7.6.12.v20130726.jar:7.6.12.v20130726]
	at org.eclipse.jetty.server.handler.HandlerWrapper.handle(HandlerWrapper.java:116) [jetty-server-7.6.12.v20130726.jar:7.6.12.v20130726]
	at org.eclipse.jetty.server.Server.handle(Server.java:369) [jetty-server-7.6.12.v20130726.jar:7.6.12.v20130726]
	at org.eclipse.jetty.server.AbstractHttpConnection.handleRequest(AbstractHttpConnection.java:486) [jetty-server-7.6.12.v20130726.jar:7.6.12.v20130726]
	at org.eclipse.jetty.server.AbstractHttpConnection.headerComplete(AbstractHttpConnection.java:933) [jetty-server-7.6.12.v20130726.jar:7.6.12.v20130726]
	at org.eclipse.jetty.server.AbstractHttpConnection$RequestHandler.headerComplete(AbstractHttpConnection.java:995) [jetty-server-7.6.12.v20130726.jar:7.6.12.v20130726]
	at org.eclipse.jetty.http.HttpParser.parseNext(HttpParser.java:644) [jetty-http-7.6.12.v20130726.jar:7.6.12.v20130726]
	at org.eclipse.jetty.http.HttpParser.parseAvailable(HttpParser.java:235) [jetty-http-7.6.12.v20130726.jar:7.6.12.v20130726]
	at org.eclipse.jetty.server.AsyncHttpConnection.handle(AsyncHttpConnection.java:82) [jetty-server-7.6.12.v20130726.jar:7.6.12.v20130726]
	at org.eclipse.jetty.io.nio.SelectChannelEndPoint.handle(SelectChannelEndPoint.java:668) [jetty-io-7.6.12.v20130726.jar:7.6.12.v20130726]
	at org.eclipse.jetty.io.nio.SelectChannelEndPoint$1.run(SelectChannelEndPoint.java:52) [jetty-io-7.6.12.v20130726.jar:7.6.12.v20130726]
	at org.eclipse.jetty.util.thread.QueuedThreadPool.runJob(QueuedThreadPool.java:608) [jetty-util-7.6.12.v20130726.jar:7.6.12.v20130726]
	at org.eclipse.jetty.util.thread.QueuedThreadPool$3.run(QueuedThreadPool.java:543) [jetty-util-7.6.12.v20130726.jar:7.6.12.v20130726]
	at java.lang.Thread.run(Thread.java:619) [na:1.6.0_10-rc2]
10:08:01.125 [qtp4931467-29] ERROR 500.jsp - null
java.lang.NullPointerException: null
	at org.apache.jsp.tag.web.pagination_tag.doTag(pagination_tag.java from :97) ~[na:na]
	at org.apache.jsp.WEB_002dINF.views.recipe.recipeList_jsp._jspx_meth_tags_pagination_0(recipeList_jsp.java from :257) ~[na:na]
	at org.apache.jsp.WEB_002dINF.views.recipe.recipeList_jsp._jspService(recipeList_jsp.java from :109) ~[na:na]
	at org.apache.jasper.runtime.HttpJspBase.service(HttpJspBase.java:109) ~[org.apache.jasper.glassfish-2.1.0.v201110031002.jar:na]
	at javax.servlet.http.HttpServlet.service(HttpServlet.java:820) ~[javax.servlet-2.5.0.v201103041518.jar:na]
	at org.apache.jasper.servlet.JspServletWrapper.service(JspServletWrapper.java:403) ~[org.apache.jasper.glassfish-2.1.0.v201110031002.jar:na]
	at org.apache.jasper.servlet.JspServlet.serviceJspFile(JspServlet.java:476) ~[org.apache.jasper.glassfish-2.1.0.v201110031002.jar:na]
	at org.apache.jasper.servlet.JspServlet.service(JspServlet.java:366) ~[org.apache.jasper.glassfish-2.1.0.v201110031002.jar:na]
	at javax.servlet.http.HttpServlet.service(HttpServlet.java:820) ~[javax.servlet-2.5.0.v201103041518.jar:na]
	at org.eclipse.jetty.servlet.ServletHolder.handle(ServletHolder.java:654) ~[jetty-servlet-7.6.12.v20130726.jar:7.6.12.v20130726]
	at org.eclipse.jetty.servlet.ServletHandler.doHandle(ServletHandler.java:445) [jetty-servlet-7.6.12.v20130726.jar:7.6.12.v20130726]
	at org.eclipse.jetty.server.handler.ScopedHandler.handle(ScopedHandler.java:137) [jetty-server-7.6.12.v20130726.jar:7.6.12.v20130726]
	at org.eclipse.jetty.security.SecurityHandler.handle(SecurityHandler.java:574) [jetty-security-7.6.12.v20130726.jar:7.6.12.v20130726]
	at org.eclipse.jetty.server.session.SessionHandler.doHandle(SessionHandler.java:227) [jetty-server-7.6.12.v20130726.jar:7.6.12.v20130726]
	at org.eclipse.jetty.server.handler.ContextHandler.doHandle(ContextHandler.java:1044) [jetty-server-7.6.12.v20130726.jar:7.6.12.v20130726]
	at org.eclipse.jetty.servlet.ServletHandler.doScope(ServletHandler.java:372) [jetty-servlet-7.6.12.v20130726.jar:7.6.12.v20130726]
	at org.eclipse.jetty.server.session.SessionHandler.doScope(SessionHandler.java:189) [jetty-server-7.6.12.v20130726.jar:7.6.12.v20130726]
	at org.eclipse.jetty.server.handler.ContextHandler.doScope(ContextHandler.java:978) [jetty-server-7.6.12.v20130726.jar:7.6.12.v20130726]
	at org.eclipse.jetty.server.handler.ScopedHandler.handle(ScopedHandler.java:135) [jetty-server-7.6.12.v20130726.jar:7.6.12.v20130726]
	at org.eclipse.jetty.server.Dispatcher.forward(Dispatcher.java:293) ~[jetty-server-7.6.12.v20130726.jar:7.6.12.v20130726]
	at org.eclipse.jetty.server.Dispatcher.forward(Dispatcher.java:120) ~[jetty-server-7.6.12.v20130726.jar:7.6.12.v20130726]
	at org.springframework.web.servlet.view.InternalResourceView.renderMergedOutputModel(InternalResourceView.java:238) ~[spring-webmvc-3.2.4.RELEASE.jar:3.2.4.RELEASE]
	at org.springframework.web.servlet.view.AbstractView.render(AbstractView.java:263) ~[spring-webmvc-3.2.4.RELEASE.jar:3.2.4.RELEASE]
	at org.springframework.web.servlet.DispatcherServlet.render(DispatcherServlet.java:1208) ~[spring-webmvc-3.2.4.RELEASE.jar:3.2.4.RELEASE]
	at org.springframework.web.servlet.DispatcherServlet.processDispatchResult(DispatcherServlet.java:992) ~[spring-webmvc-3.2.4.RELEASE.jar:3.2.4.RELEASE]
	at org.springframework.web.servlet.DispatcherServlet.doDispatch(DispatcherServlet.java:939) ~[spring-webmvc-3.2.4.RELEASE.jar:3.2.4.RELEASE]
	at org.springframework.web.servlet.DispatcherServlet.doService(DispatcherServlet.java:856) ~[spring-webmvc-3.2.4.RELEASE.jar:3.2.4.RELEASE]
	at org.springframework.web.servlet.FrameworkServlet.processRequest(FrameworkServlet.java:936) ~[spring-webmvc-3.2.4.RELEASE.jar:3.2.4.RELEASE]
	at org.springframework.web.servlet.FrameworkServlet.doGet(FrameworkServlet.java:827) ~[spring-webmvc-3.2.4.RELEASE.jar:3.2.4.RELEASE]
	at javax.servlet.http.HttpServlet.service(HttpServlet.java:707) ~[javax.servlet-2.5.0.v201103041518.jar:na]
	at org.springframework.web.servlet.FrameworkServlet.service(FrameworkServlet.java:812) ~[spring-webmvc-3.2.4.RELEASE.jar:3.2.4.RELEASE]
	at javax.servlet.http.HttpServlet.service(HttpServlet.java:820) ~[javax.servlet-2.5.0.v201103041518.jar:na]
	at org.eclipse.jetty.servlet.ServletHolder.handle(ServletHolder.java:654) ~[jetty-servlet-7.6.12.v20130726.jar:7.6.12.v20130726]
	at org.eclipse.jetty.servlet.ServletHandler$CachedChain.doFilter(ServletHandler.java:1320) ~[jetty-servlet-7.6.12.v20130726.jar:7.6.12.v20130726]
	at com.opensymphony.sitemesh.webapp.SiteMeshFilter.obtainContent(SiteMeshFilter.java:129) ~[sitemesh-2.4.2.jar:na]
	at com.opensymphony.sitemesh.webapp.SiteMeshFilter.doFilter(SiteMeshFilter.java:77) ~[sitemesh-2.4.2.jar:na]
	at org.eclipse.jetty.servlet.ServletHandler$CachedChain.doFilter(ServletHandler.java:1291) ~[jetty-servlet-7.6.12.v20130726.jar:7.6.12.v20130726]
	at org.apache.shiro.web.servlet.ProxiedFilterChain.doFilter(ProxiedFilterChain.java:61) ~[shiro-web-1.2.2.jar:1.2.2]
	at org.apache.shiro.web.servlet.AdviceFilter.executeChain(AdviceFilter.java:108) ~[shiro-web-1.2.2.jar:1.2.2]
	at org.apache.shiro.web.servlet.AdviceFilter.doFilterInternal(AdviceFilter.java:137) ~[shiro-web-1.2.2.jar:1.2.2]
	at org.apache.shiro.web.servlet.OncePerRequestFilter.doFilter(OncePerRequestFilter.java:125) ~[shiro-web-1.2.2.jar:1.2.2]
	at org.apache.shiro.web.servlet.ProxiedFilterChain.doFilter(ProxiedFilterChain.java:66) ~[shiro-web-1.2.2.jar:1.2.2]
	at org.apache.shiro.web.servlet.AbstractShiroFilter.executeChain(AbstractShiroFilter.java:449) ~[shiro-web-1.2.2.jar:1.2.2]
	at org.apache.shiro.web.servlet.AbstractShiroFilter$1.call(AbstractShiroFilter.java:365) ~[shiro-web-1.2.2.jar:1.2.2]
	at org.apache.shiro.subject.support.SubjectCallable.doCall(SubjectCallable.java:90) ~[shiro-core-1.2.2.jar:1.2.2]
	at org.apache.shiro.subject.support.SubjectCallable.call(SubjectCallable.java:83) ~[shiro-core-1.2.2.jar:1.2.2]
	at org.apache.shiro.subject.support.DelegatingSubject.execute(DelegatingSubject.java:383) ~[shiro-core-1.2.2.jar:1.2.2]
	at org.apache.shiro.web.servlet.AbstractShiroFilter.doFilterInternal(AbstractShiroFilter.java:362) ~[shiro-web-1.2.2.jar:1.2.2]
	at org.apache.shiro.web.servlet.OncePerRequestFilter.doFilter(OncePerRequestFilter.java:125) ~[shiro-web-1.2.2.jar:1.2.2]
	at org.springframework.web.filter.DelegatingFilterProxy.invokeDelegate(DelegatingFilterProxy.java:343) ~[spring-web-3.2.4.RELEASE.jar:3.2.4.RELEASE]
	at org.springframework.web.filter.DelegatingFilterProxy.doFilter(DelegatingFilterProxy.java:260) ~[spring-web-3.2.4.RELEASE.jar:3.2.4.RELEASE]
	at org.eclipse.jetty.servlet.ServletHandler$CachedChain.doFilter(ServletHandler.java:1291) ~[jetty-servlet-7.6.12.v20130726.jar:7.6.12.v20130726]
	at org.springframework.orm.jpa.support.OpenEntityManagerInViewFilter.doFilterInternal(OpenEntityManagerInViewFilter.java:180) ~[spring-orm-3.2.4.RELEASE.jar:3.2.4.RELEASE]
	at org.springframework.web.filter.OncePerRequestFilter.doFilter(OncePerRequestFilter.java:107) ~[spring-web-3.2.4.RELEASE.jar:3.2.4.RELEASE]
	at org.eclipse.jetty.servlet.ServletHandler$CachedChain.doFilter(ServletHandler.java:1291) ~[jetty-servlet-7.6.12.v20130726.jar:7.6.12.v20130726]
	at org.springframework.web.filter.CharacterEncodingFilter.doFilterInternal(CharacterEncodingFilter.java:88) ~[spring-web-3.2.4.RELEASE.jar:3.2.4.RELEASE]
	at org.springframework.web.filter.OncePerRequestFilter.doFilter(OncePerRequestFilter.java:107) ~[spring-web-3.2.4.RELEASE.jar:3.2.4.RELEASE]
	at org.eclipse.jetty.servlet.ServletHandler$CachedChain.doFilter(ServletHandler.java:1291) ~[jetty-servlet-7.6.12.v20130726.jar:7.6.12.v20130726]
	at org.eclipse.jetty.servlet.ServletHandler.doHandle(ServletHandler.java:443) [jetty-servlet-7.6.12.v20130726.jar:7.6.12.v20130726]
	at org.eclipse.jetty.server.handler.ScopedHandler.handle(ScopedHandler.java:137) [jetty-server-7.6.12.v20130726.jar:7.6.12.v20130726]
	at org.eclipse.jetty.security.SecurityHandler.handle(SecurityHandler.java:556) [jetty-security-7.6.12.v20130726.jar:7.6.12.v20130726]
	at org.eclipse.jetty.server.session.SessionHandler.doHandle(SessionHandler.java:227) [jetty-server-7.6.12.v20130726.jar:7.6.12.v20130726]
	at org.eclipse.jetty.server.handler.ContextHandler.doHandle(ContextHandler.java:1044) [jetty-server-7.6.12.v20130726.jar:7.6.12.v20130726]
	at org.eclipse.jetty.servlet.ServletHandler.doScope(ServletHandler.java:372) [jetty-servlet-7.6.12.v20130726.jar:7.6.12.v20130726]
	at org.eclipse.jetty.server.session.SessionHandler.doScope(SessionHandler.java:189) [jetty-server-7.6.12.v20130726.jar:7.6.12.v20130726]
	at org.eclipse.jetty.server.handler.ContextHandler.doScope(ContextHandler.java:978) [jetty-server-7.6.12.v20130726.jar:7.6.12.v20130726]
	at org.eclipse.jetty.server.handler.ScopedHandler.handle(ScopedHandler.java:135) [jetty-server-7.6.12.v20130726.jar:7.6.12.v20130726]
	at org.eclipse.jetty.server.handler.ContextHandlerCollection.handle(ContextHandlerCollection.java:255) [jetty-server-7.6.12.v20130726.jar:7.6.12.v20130726]
	at org.eclipse.jetty.server.handler.HandlerCollection.handle(HandlerCollection.java:154) [jetty-server-7.6.12.v20130726.jar:7.6.12.v20130726]
	at org.eclipse.jetty.server.handler.HandlerWrapper.handle(HandlerWrapper.java:116) [jetty-server-7.6.12.v20130726.jar:7.6.12.v20130726]
	at org.eclipse.jetty.server.Server.handle(Server.java:369) [jetty-server-7.6.12.v20130726.jar:7.6.12.v20130726]
	at org.eclipse.jetty.server.AbstractHttpConnection.handleRequest(AbstractHttpConnection.java:486) [jetty-server-7.6.12.v20130726.jar:7.6.12.v20130726]
	at org.eclipse.jetty.server.AbstractHttpConnection.headerComplete(AbstractHttpConnection.java:933) [jetty-server-7.6.12.v20130726.jar:7.6.12.v20130726]
	at org.eclipse.jetty.server.AbstractHttpConnection$RequestHandler.headerComplete(AbstractHttpConnection.java:995) [jetty-server-7.6.12.v20130726.jar:7.6.12.v20130726]
	at org.eclipse.jetty.http.HttpParser.parseNext(HttpParser.java:644) [jetty-http-7.6.12.v20130726.jar:7.6.12.v20130726]
	at org.eclipse.jetty.http.HttpParser.parseAvailable(HttpParser.java:235) [jetty-http-7.6.12.v20130726.jar:7.6.12.v20130726]
	at org.eclipse.jetty.server.AsyncHttpConnection.handle(AsyncHttpConnection.java:82) [jetty-server-7.6.12.v20130726.jar:7.6.12.v20130726]
	at org.eclipse.jetty.io.nio.SelectChannelEndPoint.handle(SelectChannelEndPoint.java:668) [jetty-io-7.6.12.v20130726.jar:7.6.12.v20130726]
	at org.eclipse.jetty.io.nio.SelectChannelEndPoint$1.run(SelectChannelEndPoint.java:52) [jetty-io-7.6.12.v20130726.jar:7.6.12.v20130726]
	at org.eclipse.jetty.util.thread.QueuedThreadPool.runJob(QueuedThreadPool.java:608) [jetty-util-7.6.12.v20130726.jar:7.6.12.v20130726]
	at org.eclipse.jetty.util.thread.QueuedThreadPool$3.run(QueuedThreadPool.java:543) [jetty-util-7.6.12.v20130726.jar:7.6.12.v20130726]
	at java.lang.Thread.run(Thread.java:619) [na:1.6.0_10-rc2]
